This is XeTeX, Version 3.141592653-2.6-0.999995 (TeX Live 2023) (preloaded format=xelatex 2023.11.11)  3 SEP 2024 11:17
entering extended mode
 \write18 enabled.
 %&-line parsing enabled.
**GRIVEAU_MAXIME_document_maitre.tex
(./GRIVEAU_MAXIME_document_maitre.tex
LaTeX2e <2023-11-01>
L3 programming layer <2023-11-01>
(/usr/local/texlive/2023/texmf-dist/tex/latex/base/book.cls
Document Class: book 2023/05/17 v1.4n Standard LaTeX document class
(/usr/local/texlive/2023/texmf-dist/tex/latex/base/bk12.clo
File: bk12.clo 2023/05/17 v1.4n Standard LaTeX file (size option)
)
\c@part=\count182
\c@chapter=\count183
\c@section=\count184
\c@subsection=\count185
\c@subsubsection=\count186
\c@paragraph=\count187
\c@subparagraph=\count188
\c@figure=\count189
\c@table=\count190
\abovecaptionskip=\skip48
\belowcaptionskip=\skip49
\bibindent=\dimen140
)
(/usr/local/texlive/2023/texmf-dist/tex/latex/fontspec/fontspec.sty
(/usr/local/texlive/2023/texmf-dist/tex/latex/l3packages/xparse/xparse.sty
(/usr/local/texlive/2023/texmf-dist/tex/latex/l3kernel/expl3.sty
Package: expl3 2023-11-01 L3 programming layer (loader) 

(/usr/local/texlive/2023/texmf-dist/tex/latex/l3backend/l3backend-xetex.def
File: l3backend-xetex.def 2023-11-04 L3 backend support: XeTeX
\g__graphics_track_int=\count191
\l__pdf_internal_box=\box51
\g__pdf_backend_object_int=\count192
\g__pdf_backend_annotation_int=\count193
\g__pdf_backend_link_int=\count194
))
Package: xparse 2023-10-10 L3 Experimental document command parser
)
Package: fontspec 2022/01/15 v2.8a Font selection for XeLaTeX and LuaLaTeX

(/usr/local/texlive/2023/texmf-dist/tex/latex/fontspec/fontspec-xetex.sty
Package: fontspec-xetex 2022/01/15 v2.8a Font selection for XeLaTeX and LuaLaTe
X
\l__fontspec_script_int=\count195
\l__fontspec_language_int=\count196
\l__fontspec_strnum_int=\count197
\l__fontspec_tmp_int=\count198
\l__fontspec_tmpa_int=\count199
\l__fontspec_tmpb_int=\count266
\l__fontspec_tmpc_int=\count267
\l__fontspec_em_int=\count268
\l__fontspec_emdef_int=\count269
\l__fontspec_strong_int=\count270
\l__fontspec_strongdef_int=\count271
\l__fontspec_tmpa_dim=\dimen141
\l__fontspec_tmpb_dim=\dimen142
\l__fontspec_tmpc_dim=\dimen143

(/usr/local/texlive/2023/texmf-dist/tex/latex/base/fontenc.sty
Package: fontenc 2021/04/29 v2.0v Standard LaTeX package
)
(/usr/local/texlive/2023/texmf-dist/tex/latex/fontspec/fontspec.cfg)))
(/usr/local/texlive/2023/texmf-dist/tex/xelatex/xunicode/xunicode.sty
File: xunicode.sty 2011/09/09 v0.981 provides access to latin accents and many 
other characters in Unicode lower plane

(/usr/local/texlive/2023/texmf-dist/tex/latex/tipa/t3enc.def
File: t3enc.def 2001/12/31 T3 encoding
)
\tipaTiiicode=\count272
\tipasavetokens=\toks17
\tipachecktokens=\toks18

(/usr/local/texlive/2023/texmf-dist/tex/latex/graphics/graphicx.sty
Package: graphicx 2021/09/16 v1.2d Enhanced LaTeX Graphics (DPC,SPQR)

(/usr/local/texlive/2023/texmf-dist/tex/latex/graphics/keyval.sty
Package: keyval 2022/05/29 v1.15 key=value parser (DPC)
\KV@toks@=\toks19
)
(/usr/local/texlive/2023/texmf-dist/tex/latex/graphics/graphics.sty
Package: graphics 2022/03/10 v1.4e Standard LaTeX Graphics (DPC,SPQR)

(/usr/local/texlive/2023/texmf-dist/tex/latex/graphics/trig.sty
Package: trig 2021/08/11 v1.11 sin cos tan (DPC)
)
(/usr/local/texlive/2023/texmf-dist/tex/latex/graphics-cfg/graphics.cfg
File: graphics.cfg 2016/06/04 v1.11 sample graphics configuration
)
Package graphics Info: Driver file: xetex.def on input line 107.

(/usr/local/texlive/2023/texmf-dist/tex/latex/graphics-def/xetex.def
File: xetex.def 2022/09/22 v5.0n Graphics/color driver for xetex
))
\Gin@req@height=\dimen144
\Gin@req@width=\dimen145
))
(/usr/local/texlive/2023/texmf-dist/tex/generic/babel/babel.sty
Package: babel 2023/10/25 v3.96 The Babel package
\babel@savecnt=\count273
\U@D=\dimen146
\l@unhyphenated=\language89

(/usr/local/texlive/2023/texmf-dist/tex/generic/babel/xebabel.def)
\bbl@readstream=\read2
\bbl@dirlevel=\count274

(/usr/local/texlive/2023/texmf-dist/tex/generic/babel-french/french.ldf
Language: french 2023/03/08 v3.5q French support from the babel system
Package babel Info: Hyphen rules for 'acadian' set to \l@french
(babel)             (\language31). Reported on input line 91.
Package babel Info: Hyphen rules for 'canadien' set to \l@french
(babel)             (\language31). Reported on input line 92.
\FB@nonchar=\count275
Package french.ldf Info: No need for active punctuation characters
(french.ldf)             with this version of XeTeX!
(french.ldf)             reported on input line 310.
\FB@punctthick=\XeTeXcharclass1
\FB@punctthin=\XeTeXcharclass2
\FB@punctnul=\XeTeXcharclass3
\FB@guilo=\XeTeXcharclass4
\FB@guilf=\XeTeXcharclass5
\FB@guilnul=\XeTeXcharclass6
\FBguill@level=\count276
\FBold@everypar=\toks20
\FB@Mht=\dimen147
\mc@charclass=\count277
\mc@charfam=\count278
\mc@charslot=\count279
\std@mcc=\count280
\dec@mcc=\count281
\FB@parskip=\dimen148
\listindentFB=\dimen149
\descindentFB=\dimen150
\labelindentFB=\dimen151
\labelwidthFB=\dimen152
\leftmarginFB=\dimen153
\parindentFFN=\dimen154
\FBfnindent=\dimen155
))
(/usr/local/texlive/2023/texmf-dist/tex/generic/babel/locale/fr/babel-french.te
x
Package babel Info: Importing font and identification data for french
(babel)             from babel-fr.ini. Reported on input line 11.
) (/usr/local/texlive/2023/texmf-dist/tex/latex/carlisle/scalefnt.sty)
(/usr/local/texlive/2023/texmf-dist/tex/latex/csquotes/csquotes.sty
Package: csquotes 2022-09-14 v5.2n context-sensitive quotations (JAW)

(/usr/local/texlive/2023/texmf-dist/tex/latex/etoolbox/etoolbox.sty
Package: etoolbox 2020/10/05 v2.5k e-TeX tools for LaTeX (JAW)
\etb@tempcnta=\count282
)
\csq@reset=\count283
\csq@gtype=\count284
\csq@glevel=\count285
\csq@qlevel=\count286
\csq@maxlvl=\count287
\csq@tshold=\count288
\csq@ltx@everypar=\toks21

(/usr/local/texlive/2023/texmf-dist/tex/latex/csquotes/csquotes.def
File: csquotes.def 2022-09-14 v5.2n csquotes generic definitions (JAW)
)
Package csquotes Info: Trying to load configuration file 'csquotes.cfg'...
Package csquotes Info: ... configuration file loaded successfully.

(/usr/local/texlive/2023/texmf-dist/tex/latex/csquotes/csquotes.cfg
File: csquotes.cfg 
))
(/usr/local/texlive/2023/texmf-dist/tex/latex/lettrine/lettrine.sty
File: lettrine.sty 2023-08-14 v2.52 (Daniel Flipo)

(/usr/local/texlive/2023/texmf-dist/tex/latex/l3packages/xfp/xfp.sty
Package: xfp 2023-10-10 L3 Floating point unit
)
\c@DefaultLines=\count289
\c@DefaultDepth=\count290
\DefaultFindent=\dimen156
\DefaultNindent=\dimen157
\DefaultSlope=\dimen158
\DiscardVskip=\dimen159
\L@lettrine=\box52
\L@lbox=\box53
\L@tbox=\box54
\c@L@lines=\count291
\c@L@depth=\count292
\L@Pindent=\dimen160
\L@Findent=\dimen161
\L@Nindent=\dimen162
\L@lraise=\dimen163
\L@first=\dimen164
\L@next=\dimen165
\L@slope=\dimen166
\L@height=\dimen167
\L@novskip=\dimen168
\L@ruleht=\dimen169
\L@target@ht=\dimen170
\L@target@dp=\dimen171
\L@target@tht=\dimen172
\LettrineWidth=\dimen173
\LettrineHeight=\dimen174
\LettrineDepth=\dimen175

Loading lettrine.cfg
(/usr/local/texlive/2023/texmf-dist/tex/latex/lettrine/lettrine.cfg)
\Llist@everypar=\toks22
)
(/usr/local/texlive/2023/texmf-dist/tex/latex/biblatex/biblatex.sty
Package: biblatex 2023/03/05 v3.19 programmable bibliographies (PK/MW)

(/usr/local/texlive/2023/texmf-dist/tex/generic/pdftexcmds/pdftexcmds.sty
Package: pdftexcmds 2020-06-27 v0.33 Utility functions of pdfTeX for LuaTeX (HO
)

(/usr/local/texlive/2023/texmf-dist/tex/generic/infwarerr/infwarerr.sty
Package: infwarerr 2019/12/03 v1.5 Providing info/warning/error messages (HO)
)
(/usr/local/texlive/2023/texmf-dist/tex/generic/iftex/iftex.sty
Package: iftex 2022/02/03 v1.0f TeX engine tests
)
(/usr/local/texlive/2023/texmf-dist/tex/generic/ltxcmds/ltxcmds.sty
Package: ltxcmds 2020-05-10 v1.25 LaTeX kernel commands for general use (HO)
)
Package pdftexcmds Info: \pdf@primitive is available.
Package pdftexcmds Info: \pdf@ifprimitive is available.
Package pdftexcmds Info: \pdfdraftmode not found.
)
(/usr/local/texlive/2023/texmf-dist/tex/latex/kvoptions/kvoptions.sty
Package: kvoptions 2022-06-15 v3.15 Key value format for package options (HO)

(/usr/local/texlive/2023/texmf-dist/tex/latex/kvsetkeys/kvsetkeys.sty
Package: kvsetkeys 2022-10-05 v1.19 Key value parser (HO)
))
(/usr/local/texlive/2023/texmf-dist/tex/latex/logreq/logreq.sty
Package: logreq 2010/08/04 v1.0 xml request logger
\lrq@indent=\count293

(/usr/local/texlive/2023/texmf-dist/tex/latex/logreq/logreq.def
File: logreq.def 2010/08/04 v1.0 logreq spec v1.0
))
(/usr/local/texlive/2023/texmf-dist/tex/latex/base/ifthen.sty
Package: ifthen 2022/04/13 v1.1d Standard LaTeX ifthen package (DPC)
)
(/usr/local/texlive/2023/texmf-dist/tex/latex/url/url.sty
\Urlmuskip=\muskip16
Package: url 2013/09/16  ver 3.4  Verb mode for urls, etc.
)
\c@tabx@nest=\count294
\c@listtotal=\count295
\c@listcount=\count296
\c@liststart=\count297
\c@liststop=\count298
\c@citecount=\count299
\c@citetotal=\count300
\c@multicitecount=\count301
\c@multicitetotal=\count302
\c@instcount=\count303
\c@maxnames=\count304
\c@minnames=\count305
\c@maxitems=\count306
\c@minitems=\count307
\c@citecounter=\count308
\c@maxcitecounter=\count309
\c@savedcitecounter=\count310
\c@uniquelist=\count311
\c@uniquename=\count312
\c@refsection=\count313
\c@refsegment=\count314
\c@maxextratitle=\count315
\c@maxextratitleyear=\count316
\c@maxextraname=\count317
\c@maxextradate=\count318
\c@maxextraalpha=\count319
\c@abbrvpenalty=\count320
\c@highnamepenalty=\count321
\c@lownamepenalty=\count322
\c@maxparens=\count323
\c@parenlevel=\count324
\blx@tempcnta=\count325
\blx@tempcntb=\count326
\blx@tempcntc=\count327
\c@blx@maxsection=\count328
\blx@maxsegment@0=\count329
\blx@notetype=\count330
\blx@parenlevel@text=\count331
\blx@parenlevel@foot=\count332
\blx@sectionciteorder@0=\count333
\blx@sectionciteorderinternal@0=\count334
\blx@entrysetcounter=\count335
\blx@biblioinstance=\count336
\labelnumberwidth=\skip50
\labelalphawidth=\skip51
\biblabelsep=\skip52
\bibitemsep=\skip53
\bibnamesep=\skip54
\bibinitsep=\skip55
\bibparsep=\skip56
\bibhang=\skip57
\blx@bcfin=\read3
\blx@bcfout=\write3
\blx@langwohyphens=\language90
\c@mincomprange=\count337
\c@maxcomprange=\count338
\c@mincompwidth=\count339
Package biblatex Info: Trying to load biblatex default data model...
Package biblatex Info: ... file 'blx-dm.def' found.

(/usr/local/texlive/2023/texmf-dist/tex/latex/biblatex/blx-dm.def
File: blx-dm.def 2023/03/05 v3.19 biblatex localization (PK/MW)
)
Package biblatex Info: Trying to load biblatex style data model...
Package biblatex Info: ... file 'enc.dbx' not found.
Package biblatex Info: Trying to load biblatex custom data model...
Package biblatex Info: ... file 'biblatex-dm.cfg' not found.
\c@afterword=\count340
\c@savedafterword=\count341
\c@annotator=\count342
\c@savedannotator=\count343
\c@author=\count344
\c@savedauthor=\count345
\c@bookauthor=\count346
\c@savedbookauthor=\count347
\c@commentator=\count348
\c@savedcommentator=\count349
\c@editor=\count350
\c@savededitor=\count351
\c@editora=\count352
\c@savededitora=\count353
\c@editorb=\count354
\c@savededitorb=\count355
\c@editorc=\count356
\c@savededitorc=\count357
\c@foreword=\count358
\c@savedforeword=\count359
\c@holder=\count360
\c@savedholder=\count361
\c@introduction=\count362
\c@savedintroduction=\count363
\c@namea=\count364
\c@savednamea=\count365
\c@nameb=\count366
\c@savednameb=\count367
\c@namec=\count368
\c@savednamec=\count369
\c@translator=\count370
\c@savedtranslator=\count371
\c@shortauthor=\count372
\c@savedshortauthor=\count373
\c@shorteditor=\count374
\c@savedshorteditor=\count375
\c@labelname=\count376
\c@savedlabelname=\count377
\c@institution=\count378
\c@savedinstitution=\count379
\c@lista=\count380
\c@savedlista=\count381
\c@listb=\count382
\c@savedlistb=\count383
\c@listc=\count384
\c@savedlistc=\count385
\c@listd=\count386
\c@savedlistd=\count387
\c@liste=\count388
\c@savedliste=\count389
\c@listf=\count390
\c@savedlistf=\count391
\c@location=\count392
\c@savedlocation=\count393
\c@organization=\count394
\c@savedorganization=\count395
\c@origlocation=\count396
\c@savedoriglocation=\count397
\c@origpublisher=\count398
\c@savedorigpublisher=\count399
\c@publisher=\count400
\c@savedpublisher=\count401
\c@language=\count402
\c@savedlanguage=\count403
\c@origlanguage=\count404
\c@savedoriglanguage=\count405
\c@pageref=\count406
\c@savedpageref=\count407
\shorthandwidth=\skip58
\shortjournalwidth=\skip59
\shortserieswidth=\skip60
\shorttitlewidth=\skip61
\shortauthorwidth=\skip62
\shorteditorwidth=\skip63
\locallabelnumberwidth=\skip64
\locallabelalphawidth=\skip65
\localshorthandwidth=\skip66
\localshortjournalwidth=\skip67
\localshortserieswidth=\skip68
\localshorttitlewidth=\skip69
\localshortauthorwidth=\skip70
\localshorteditorwidth=\skip71
Package biblatex Info: Trying to load enhanced support for Unicode engines...
Package biblatex Info: ... file 'blx-unicode.def' found.

(/usr/local/texlive/2023/texmf-dist/tex/latex/biblatex/blx-unicode.def)
Package biblatex Info: Trying to load compatibility code...
Package biblatex Info: ... file 'blx-compat.def' found.

(/usr/local/texlive/2023/texmf-dist/tex/latex/biblatex/blx-compat.def
File: blx-compat.def 2023/03/05 v3.19 biblatex compatibility (PK/MW)
)
Package biblatex Info: Trying to load generic definitions...
Package biblatex Info: ... file 'biblatex.def' found.

(/usr/local/texlive/2023/texmf-dist/tex/latex/biblatex/biblatex.def
File: biblatex.def 2023/03/05 v3.19 biblatex compatibility (PK/MW)
\c@textcitecount=\count408
\c@textcitetotal=\count409
\c@textcitemaxnames=\count410
\c@biburlbigbreakpenalty=\count411
\c@biburlbreakpenalty=\count412
\c@biburlnumpenalty=\count413
\c@biburlucpenalty=\count414
\c@biburllcpenalty=\count415
\biburlbigskip=\muskip17
\biburlnumskip=\muskip18
\biburlucskip=\muskip19
\biburllcskip=\muskip20
\c@smartand=\count416
)
Package biblatex Info: Trying to load bibliography style 'enc'...
Package biblatex Info: ... file 'enc.bbx' found.

(/usr/local/texlive/2023/texmf-dist/tex/latex/biblatex-enc/enc.bbx
File: enc.bbx 
)
Package biblatex Info: Trying to load citation style 'enc'...
Package biblatex Info: ... file 'enc.cbx' found.

(/usr/local/texlive/2023/texmf-dist/tex/latex/biblatex-enc/enc.cbx
File: enc.cbx 
Package biblatex Info: Redefining '\cite'.
Package biblatex Info: Redefining '\textcite'.
Package biblatex Info: Redefining '\parencite'.
Package biblatex Info: Redefining '\footcite'.
)
Package biblatex Info: Trying to load configuration file...
Package biblatex Info: ... file 'biblatex.cfg' found.

(/usr/local/texlive/2023/texmf-dist/tex/latex/biblatex/biblatex.cfg
File: biblatex.cfg 
)
Package biblatex Info: XeTeX detected.
(biblatex)             Assuming input encoding 'utf8'.
Package biblatex Info: Document encoding is UTF8 ....
Package biblatex Info: ... and expl3
(biblatex)             2023-11-01 L3 programming layer (loader) 
(biblatex)             is new enough (at least 2020/04/06),
(biblatex)             setting 'casechanger=expl3'.

(/usr/local/texlive/2023/texmf-dist/tex/latex/biblatex/blx-case-expl3.sty
Package: blx-case-expl3 2023/03/05 v3.19 expl3 case changing code for biblatex
))
(/usr/local/texlive/2023/texmf-dist/tex/latex/imakeidx/imakeidx.sty
Package: imakeidx 2016/10/15 v1.3e Package for typesetting indices in a synchro
nous mode

(/usr/local/texlive/2023/texmf-dist/tex/latex/xkeyval/xkeyval.sty
Package: xkeyval 2022/06/16 v2.9 package option processing (HA)

(/usr/local/texlive/2023/texmf-dist/tex/generic/xkeyval/xkeyval.tex
(/usr/local/texlive/2023/texmf-dist/tex/generic/xkeyval/xkvutils.tex
\XKV@toks=\toks23
\XKV@tempa@toks=\toks24
)
\XKV@depth=\count417
File: xkeyval.tex 2014/12/03 v2.7a key=value parser (HA)
))
(/usr/local/texlive/2023/texmf-dist/tex/generic/iftex/ifxetex.sty
Package: ifxetex 2019/10/25 v0.7 ifxetex legacy package. Use iftex instead.
)
(/usr/local/texlive/2023/texmf-dist/tex/generic/iftex/ifluatex.sty
Package: ifluatex 2019/10/25 v1.5 ifluatex legacy package. Use iftex instead.
)
(/usr/local/texlive/2023/texmf-dist/tex/latex/tools/multicol.sty
Package: multicol 2023/03/30 v1.9f multicolumn formatting (FMi)
\c@tracingmulticols=\count418
\mult@box=\box55
\multicol@leftmargin=\dimen176
\c@unbalance=\count419
\c@collectmore=\count420
\doublecol@number=\count421
\multicoltolerance=\count422
\multicolpretolerance=\count423
\full@width=\dimen177
\page@free=\dimen178
\premulticols=\dimen179
\postmulticols=\dimen180
\multicolsep=\skip72
\multicolbaselineskip=\skip73
\partial@page=\box56
\last@line=\box57
\mc@boxedresult=\box58
\maxbalancingoverflow=\dimen181
\mult@rightbox=\box59
\mult@grightbox=\box60
\mult@firstbox=\box61
\mult@gfirstbox=\box62
\@tempa=\box63
\@tempa=\box64
\@tempa=\box65
\@tempa=\box66
\@tempa=\box67
\@tempa=\box68
\@tempa=\box69
\@tempa=\box70
\@tempa=\box71
\@tempa=\box72
\@tempa=\box73
\@tempa=\box74
\@tempa=\box75
\@tempa=\box76
\@tempa=\box77
\@tempa=\box78
\@tempa=\box79
\@tempa=\box80
\@tempa=\box81
\@tempa=\box82
\@tempa=\box83
\@tempa=\box84
\@tempa=\box85
\@tempa=\box86
\@tempa=\box87
\@tempa=\box88
\@tempa=\box89
\@tempa=\box90
\@tempa=\box91
\@tempa=\box92
\@tempa=\box93
\@tempa=\box94
\@tempa=\box95
\@tempa=\box96
\@tempa=\box97
\@tempa=\box98
\c@minrows=\count424
\c@columnbadness=\count425
\c@finalcolumnbadness=\count426
\last@try=\dimen182
\multicolovershoot=\dimen183
\multicolundershoot=\dimen184
\mult@nat@firstbox=\box99
\colbreak@box=\box100
\mc@col@check@num=\count427
))
\GRIVEAU_MAXIME_document_maitre@idxfile=\write4
\openout4 = `GRIVEAU_MAXIME_document_maitre.idx'.


Writing index file GRIVEAU_MAXIME_document_maitre.idx
(/usr/local/texlive/2023/texmf-dist/tex/latex/chngcntr/chngcntr.sty
Package: chngcntr 2018/04/09 v1.1a change counter resetting
Package chngcntr Info: \counterwithout already defined.
(chngcntr)             Quitting chngcntr on input line 21.
)
(/usr/local/texlive/2023/texmf-dist/tex/latex/tocloft/tocloft.sty
Package: tocloft 2017/08/31 v2.3i parameterised ToC, etc., typesetting
Package tocloft Info: The document has chapter divisions on input line 51.
\cftparskip=\skip74
\cftbeforetoctitleskip=\skip75
\cftaftertoctitleskip=\skip76
\cftbeforepartskip=\skip77
\cftpartnumwidth=\skip78
\cftpartindent=\skip79
\cftbeforechapskip=\skip80
\cftchapindent=\skip81
\cftchapnumwidth=\skip82
\cftbeforesecskip=\skip83
\cftsecindent=\skip84
\cftsecnumwidth=\skip85
\cftbeforesubsecskip=\skip86
\cftsubsecindent=\skip87
\cftsubsecnumwidth=\skip88
\cftbeforesubsubsecskip=\skip89
\cftsubsubsecindent=\skip90
\cftsubsubsecnumwidth=\skip91
\cftbeforeparaskip=\skip92
\cftparaindent=\skip93
\cftparanumwidth=\skip94
\cftbeforesubparaskip=\skip95
\cftsubparaindent=\skip96
\cftsubparanumwidth=\skip97
\cftbeforeloftitleskip=\skip98
\cftafterloftitleskip=\skip99
\cftbeforefigskip=\skip100
\cftfigindent=\skip101
\cftfignumwidth=\skip102
\c@lofdepth=\count428
\c@lotdepth=\count429
\cftbeforelottitleskip=\skip103
\cftafterlottitleskip=\skip104
\cftbeforetabskip=\skip105
\cfttabindent=\skip106
\cfttabnumwidth=\skip107
)
(/usr/local/texlive/2023/texmf-dist/tex/latex/geometry/geometry.sty
Package: geometry 2020/01/02 v5.9 Page Geometry

(/usr/local/texlive/2023/texmf-dist/tex/generic/iftex/ifvtex.sty
Package: ifvtex 2019/10/25 v1.7 ifvtex legacy package. Use iftex instead.
)
\Gm@cnth=\count430
\Gm@cntv=\count431
\c@Gm@tempcnt=\count432
\Gm@bindingoffset=\dimen185
\Gm@wd@mp=\dimen186
\Gm@odd@mp=\dimen187
\Gm@even@mp=\dimen188
\Gm@layoutwidth=\dimen189
\Gm@layoutheight=\dimen190
\Gm@layouthoffset=\dimen191
\Gm@layoutvoffset=\dimen192
\Gm@dimlist=\toks25
)
(/usr/local/texlive/2023/texmf-dist/tex/latex/setspace/setspace.sty
Package: setspace 2022/12/04 v6.7b set line spacing
)
(/usr/local/texlive/2023/texmf-dist/tex/latex/fancyhdr/fancyhdr.sty
Package: fancyhdr 2022/11/09 v4.1 Extensive control of page headers and footers

\f@nch@headwidth=\skip108
\f@nch@O@elh=\skip109
\f@nch@O@erh=\skip110
\f@nch@O@olh=\skip111
\f@nch@O@orh=\skip112
\f@nch@O@elf=\skip113
\f@nch@O@erf=\skip114
\f@nch@O@olf=\skip115
\f@nch@O@orf=\skip116
)
(/usr/local/texlive/2023/texmf-dist/tex/latex/hyperref/hyperref.sty
Package: hyperref 2023-11-09 v7.01f Hypertext links for LaTeX

(/usr/local/texlive/2023/texmf-dist/tex/generic/kvdefinekeys/kvdefinekeys.sty
Package: kvdefinekeys 2019-12-19 v1.6 Define keys (HO)
)
(/usr/local/texlive/2023/texmf-dist/tex/generic/pdfescape/pdfescape.sty
Package: pdfescape 2019/12/09 v1.15 Implements pdfTeX's escape features (HO)
)
(/usr/local/texlive/2023/texmf-dist/tex/latex/hycolor/hycolor.sty
Package: hycolor 2020-01-27 v1.10 Color options for hyperref/bookmark (HO)
)
(/usr/local/texlive/2023/texmf-dist/tex/latex/letltxmacro/letltxmacro.sty
Package: letltxmacro 2019/12/03 v1.6 Let assignment for LaTeX macros (HO)
)
(/usr/local/texlive/2023/texmf-dist/tex/latex/auxhook/auxhook.sty
Package: auxhook 2019-12-17 v1.6 Hooks for auxiliary files (HO)
)
(/usr/local/texlive/2023/texmf-dist/tex/latex/hyperref/nameref.sty
Package: nameref 2023-11-09 v2.55 Cross-referencing by name of section

(/usr/local/texlive/2023/texmf-dist/tex/latex/refcount/refcount.sty
Package: refcount 2019/12/15 v3.6 Data extraction from label references (HO)
)
(/usr/local/texlive/2023/texmf-dist/tex/generic/gettitlestring/gettitlestring.s
ty
Package: gettitlestring 2019/12/15 v1.6 Cleanup title references (HO)
)
\c@section@level=\count433
)
\@linkdim=\dimen193
\Hy@linkcounter=\count434
\Hy@pagecounter=\count435
 (/usr/local/texlive/2023/texmf-dist/tex/latex/hyperref/pd1enc.def
File: pd1enc.def 2023-11-09 v7.01f Hyperref: PDFDocEncoding definition (HO)
)
(/usr/local/texlive/2023/texmf-dist/tex/generic/intcalc/intcalc.sty
Package: intcalc 2019/12/15 v1.3 Expandable calculations with integers (HO)
)
\Hy@SavedSpaceFactor=\count436

(/usr/local/texlive/2023/texmf-dist/tex/latex/hyperref/puenc.def
File: puenc.def 2023-11-09 v7.01f Hyperref: PDF Unicode definition (HO)

(/usr/local/texlive/2023/texmf-dist/tex/latex/greek-fontenc/puenc-greek.def
File: puenc-greek.def 2023-09-12 2.5 Greek LICRs for PDF strings

(/usr/local/texlive/2023/texmf-dist/tex/latex/greek-fontenc/greek-fontenc.def
File: greek-fontenc.def 2023-09-12 2.5 Common Greek font encoding definitions
)))
Package hyperref Info: Option `colorlinks' set `false' on input line 4054.


Package hyperref Warning: Unexpected value for option `hidelinks'
(hyperref)                is ignored on input line 4054.

Package hyperref Info: Option `breaklinks' set `true' on input line 4054.
Package hyperref Info: Option `pdfusetitle' set `true' on input line 4054.
Package hyperref Info: Hyper figures OFF on input line 4171.
Package hyperref Info: Link nesting OFF on input line 4176.
Package hyperref Info: Hyper index ON on input line 4179.
Package hyperref Info: Plain pages OFF on input line 4186.
Package hyperref Info: Backreferencing OFF on input line 4191.
Package hyperref Info: Implicit mode ON; LaTeX internals redefined.
Package hyperref Info: Bookmarks ON on input line 4438.
\c@Hy@tempcnt=\count437
LaTeX Info: Redefining \url on input line 4776.
\XeTeXLinkMargin=\dimen194
(/usr/local/texlive/2023/texmf-dist/tex/generic/bitset/bitset.sty
Package: bitset 2019/12/09 v1.3 Handle bit-vector datatype (HO)

(/usr/local/texlive/2023/texmf-dist/tex/generic/bigintcalc/bigintcalc.sty
Package: bigintcalc 2019/12/15 v1.5 Expandable calculations on big integers (HO
)
))
\Fld@menulength=\count438
\Field@Width=\dimen195
\Fld@charsize=\dimen196
Package hyperref Info: Hyper figures OFF on input line 6055.
Package hyperref Info: Link nesting OFF on input line 6060.
Package hyperref Info: Hyper index ON on input line 6063.
Package hyperref Info: backreferencing OFF on input line 6070.
Package hyperref Info: Link coloring OFF on input line 6075.
Package hyperref Info: Link coloring with OCG OFF on input line 6080.
Package hyperref Info: PDF/A mode OFF on input line 6085.

(/usr/local/texlive/2023/texmf-dist/tex/latex/base/atbegshi-ltx.sty
Package: atbegshi-ltx 2021/01/10 v1.0c Emulation of the original atbegshi
package with kernel methods
)
\Hy@abspage=\count439
\c@Item=\count440
\c@Hfootnote=\count441
)
Package hyperref Info: Driver (autodetected): hxetex.

(/usr/local/texlive/2023/texmf-dist/tex/latex/hyperref/hxetex.def
File: hxetex.def 2023-11-09 v7.01f Hyperref driver for XeTeX

(/usr/local/texlive/2023/texmf-dist/tex/generic/stringenc/stringenc.sty
Package: stringenc 2019/11/29 v1.12 Convert strings between diff. encodings (HO
)
)
\pdfm@box=\box101
\c@Hy@AnnotLevel=\count442
\HyField@AnnotCount=\count443
\Fld@listcount=\count444
\c@bookmark@seq@number=\count445

(/usr/local/texlive/2023/texmf-dist/tex/latex/rerunfilecheck/rerunfilecheck.sty
Package: rerunfilecheck 2022-07-10 v1.10 Rerun checks for auxiliary files (HO)
(/usr/local/texlive/2023/texmf-dist/tex/latex/base/atveryend-ltx.sty
Package: atveryend-ltx 2020/08/19 v1.0a Emulation of the original atveryend pac
kage
with kernel methods
)
(/usr/local/texlive/2023/texmf-dist/tex/generic/uniquecounter/uniquecounter.sty
Package: uniquecounter 2019/12/15 v1.4 Provide unlimited unique counter (HO)
)
Package uniquecounter Info: New unique counter `rerunfilecheck' on input line 2
85.
)
\Hy@SectionHShift=\skip117
) (/usr/local/texlive/2023/texmf-dist/tex/latex/bookmark/bookmark.sty
Package: bookmark 2020-11-06 v1.29 PDF bookmarks (HO)

(/usr/local/texlive/2023/texmf-dist/tex/latex/bookmark/bkm-dvipdfm.def
File: bkm-dvipdfm.def 2020-11-06 v1.29 bookmark driver for dvipdfm (HO)
\BKM@id=\count446
))
Package csquotes Info: Checking for multilingual support...
Package csquotes Info: ... found 'babel' package.
Package csquotes Info: Adjusting default style.
Package csquotes Info: Redefining alias 'default' -> 'french'.

(./GRIVEAU_MAXIME_document_maitre.aux

LaTeX Warning: Label `fig:image1' multiply defined.


LaTeX Warning: Label `fig:image27' multiply defined.

)
\openout1 = `GRIVEAU_MAXIME_document_maitre.aux'.

LaTeX Font Info:    Checking defaults for OML/cmm/m/it on input line 139.
LaTeX Font Info:    ... okay on input line 139.
LaTeX Font Info:    Checking defaults for OMS/cmsy/m/n on input line 139.
LaTeX Font Info:    ... okay on input line 139.
LaTeX Font Info:    Checking defaults for OT1/cmr/m/n on input line 139.
LaTeX Font Info:    ... okay on input line 139.
LaTeX Font Info:    Checking defaults for T1/cmr/m/n on input line 139.
LaTeX Font Info:    ... okay on input line 139.
LaTeX Font Info:    Checking defaults for TS1/cmr/m/n on input line 139.
LaTeX Font Info:    Trying to load font information for TS1+cmr on input line 1
39.
 (/usr/local/texlive/2023/texmf-dist/tex/latex/base/ts1cmr.fd
File: ts1cmr.fd 2023/04/13 v2.5m Standard LaTeX font definitions
)
LaTeX Font Info:    ... okay on input line 139.
LaTeX Font Info:    Checking defaults for TU/lmr/m/n on input line 139.
LaTeX Font Info:    ... okay on input line 139.
LaTeX Font Info:    Checking defaults for OMX/cmex/m/n on input line 139.
LaTeX Font Info:    ... okay on input line 139.
LaTeX Font Info:    Checking defaults for U/cmr/m/n on input line 139.
LaTeX Font Info:    ... okay on input line 139.
LaTeX Font Info:    Checking defaults for T3/cmr/m/n on input line 139.
LaTeX Font Info:    Trying to load font information for T3+cmr on input line 13
9.

(/usr/local/texlive/2023/texmf-dist/tex/latex/tipa/t3cmr.fd
File: t3cmr.fd 2001/12/31 TIPA font definitions
)
LaTeX Font Info:    ... okay on input line 139.
LaTeX Font Info:    Checking defaults for PD1/pdf/m/n on input line 139.
LaTeX Font Info:    ... okay on input line 139.
LaTeX Font Info:    Checking defaults for PU/pdf/m/n on input line 139.
LaTeX Font Info:    ... okay on input line 139.

Package fontspec Info: Adjusting the maths setup (use [no-math] to avoid
(fontspec)             this).

\symlegacymaths=\mathgroup4
LaTeX Font Info:    Overwriting symbol font `legacymaths' in version `bold'
(Font)                  OT1/cmr/m/n --> OT1/cmr/bx/n on input line 139.
LaTeX Font Info:    Redeclaring math accent \acute on input line 139.
LaTeX Font Info:    Redeclaring math accent \grave on input line 139.
LaTeX Font Info:    Redeclaring math accent \ddot on input line 139.
LaTeX Font Info:    Redeclaring math accent \tilde on input line 139.
LaTeX Font Info:    Redeclaring math accent \bar on input line 139.
LaTeX Font Info:    Redeclaring math accent \breve on input line 139.
LaTeX Font Info:    Redeclaring math accent \check on input line 139.
LaTeX Font Info:    Redeclaring math accent \hat on input line 139.
LaTeX Font Info:    Redeclaring math accent \dot on input line 139.
LaTeX Font Info:    Redeclaring math accent \mathring on input line 139.
LaTeX Font Info:    Redeclaring math symbol \colon on input line 139.
LaTeX Font Info:    Redeclaring math symbol \Gamma on input line 139.
LaTeX Font Info:    Redeclaring math symbol \Delta on input line 139.
LaTeX Font Info:    Redeclaring math symbol \Theta on input line 139.
LaTeX Font Info:    Redeclaring math symbol \Lambda on input line 139.
LaTeX Font Info:    Redeclaring math symbol \Xi on input line 139.
LaTeX Font Info:    Redeclaring math symbol \Pi on input line 139.
LaTeX Font Info:    Redeclaring math symbol \Sigma on input line 139.
LaTeX Font Info:    Redeclaring math symbol \Upsilon on input line 139.
LaTeX Font Info:    Redeclaring math symbol \Phi on input line 139.
LaTeX Font Info:    Redeclaring math symbol \Psi on input line 139.
LaTeX Font Info:    Redeclaring math symbol \Omega on input line 139.
LaTeX Font Info:    Redeclaring math symbol \mathdollar on input line 139.
LaTeX Font Info:    Redeclaring symbol font `operators' on input line 139.
LaTeX Font Info:    Encoding `OT1' has changed to `TU' for symbol font
(Font)              `operators' in the math version `normal' on input line 139.

LaTeX Font Info:    Overwriting symbol font `operators' in version `normal'
(Font)                  OT1/cmr/m/n --> TU/lmr/m/n on input line 139.
LaTeX Font Info:    Encoding `OT1' has changed to `TU' for symbol font
(Font)              `operators' in the math version `bold' on input line 139.
LaTeX Font Info:    Overwriting symbol font `operators' in version `bold'
(Font)                  OT1/cmr/bx/n --> TU/lmr/m/n on input line 139.
LaTeX Font Info:    Overwriting symbol font `operators' in version `normal'
(Font)                  TU/lmr/m/n --> TU/lmr/m/n on input line 139.
LaTeX Font Info:    Overwriting math alphabet `\mathit' in version `normal'
(Font)                  OT1/cmr/m/it --> TU/lmr/m/it on input line 139.
LaTeX Font Info:    Overwriting math alphabet `\mathbf' in version `normal'
(Font)                  OT1/cmr/bx/n --> TU/lmr/b/n on input line 139.
LaTeX Font Info:    Overwriting math alphabet `\mathsf' in version `normal'
(Font)                  OT1/cmss/m/n --> TU/lmss/m/n on input line 139.
LaTeX Font Info:    Overwriting math alphabet `\mathtt' in version `normal'
(Font)                  OT1/cmtt/m/n --> TU/lmtt/m/n on input line 139.
LaTeX Font Info:    Overwriting symbol font `operators' in version `bold'
(Font)                  TU/lmr/m/n --> TU/lmr/b/n on input line 139.
LaTeX Font Info:    Overwriting math alphabet `\mathit' in version `bold'
(Font)                  OT1/cmr/bx/it --> TU/lmr/b/it on input line 139.
LaTeX Font Info:    Overwriting math alphabet `\mathsf' in version `bold'
(Font)                  OT1/cmss/bx/n --> TU/lmss/b/n on input line 139.
LaTeX Font Info:    Overwriting math alphabet `\mathtt' in version `bold'
(Font)                  OT1/cmtt/m/n --> TU/lmtt/b/n on input line 139.
LaTeX Info: Redefining \up on input line 139.
Package biblatex Info: Trying to load language 'french'...
Package biblatex Info: ... file 'french.lbx' found.

(/usr/local/texlive/2023/texmf-dist/tex/latex/biblatex/lbx/french.lbx
File: french.lbx 2023/03/05 v3.19 biblatex localization (PK/MW)
)
Package biblatex Info: XeTeX detected.
(biblatex)             Assuming input encoding 'utf8'.
Package biblatex Info: Automatic encoding selection.
(biblatex)             Assuming data encoding 'utf8'.
\openout3 = `GRIVEAU_MAXIME_document_maitre.bcf'.

Package biblatex Info: Trying to load bibliographic data...
Package biblatex Info: ... file 'GRIVEAU_MAXIME_document_maitre.bbl' found.

(./GRIVEAU_MAXIME_document_maitre.bbl

Package biblatex Warning: The following entry could not be found
(biblatex)                in the database:
(biblatex)                14
(biblatex)                Please verify the spelling and rerun
(biblatex)                LaTeX afterwards.


Package biblatex Warning: The following entry could not be found
(biblatex)                in the database:
(biblatex)                Chaire Pluralisme culturel et éthique du numérique (P
cEn)
(biblatex)                Please verify the spelling and rerun
(biblatex)                LaTeX afterwards.


Package biblatex Warning: The following entry could not be found
(biblatex)                in the database:
(biblatex)                mai 2022
(biblatex)                Please verify the spelling and rerun
(biblatex)                LaTeX afterwards.

)
Package biblatex Info: Reference section=0 on input line 139.
Package biblatex Info: Reference segment=0 on input line 139.

*geometry* driver: auto-detecting
*geometry* detected driver: xetex
*geometry* verbose mode - [ preamble ] result:
* driver: xetex
* paper: a4paper
* layout: <same size as paper>
* layoutoffset:(h,v)=(0.0pt,0.0pt)
* modes: twoside 
* h-part:(L,W,R)=(71.13188pt, 455.24411pt, 71.13188pt)
* v-part:(T,H,B)=(71.13188pt, 702.78308pt, 71.13188pt)
* \paperwidth=597.50787pt
* \paperheight=845.04684pt
* \textwidth=455.24411pt
* \textheight=702.78308pt
* \oddsidemargin=-1.1381pt
* \evensidemargin=-1.1381pt
* \topmargin=-33.0119pt
* \headheight=16.0pt
* \headsep=19.8738pt
* \topskip=12.0pt
* \footskip=30.0pt
* \marginparwidth=88.0pt
* \marginparsep=7.0pt
* \columnsep=10.0pt
* \skip\footins=10.8pt plus 4.0pt minus 2.0pt
* \hoffset=0.0pt
* \voffset=0.0pt
* \mag=1000
* \@twocolumnfalse
* \@twosidetrue
* \@mparswitchtrue
* \@reversemarginfalse
* (1in=72.27pt=25.4mm, 1cm=28.453pt)

Package hyperref Info: Link coloring OFF on input line 139.
[1


] [2

]
LaTeX Font Info:    External font `cmex10' loaded for size
(Font)              <12> on input line 199.
LaTeX Font Info:    External font `cmex10' loaded for size
(Font)              <8> on input line 199.
LaTeX Font Info:    External font `cmex10' loaded for size
(Font)              <6> on input line 199.
LaTeX Font Info:    External font `cmex10' loaded for size
(Font)              <7> on input line 199.
LaTeX Font Info:    External font `cmex10' loaded for size
(Font)              <5> on input line 199.
 [1


] [2]
Package lettrine.sty Info: Targeted height = 24.16246pt
(lettrine.sty)             (for loversize=0, accent excluded),
(lettrine.sty)             Lettrine height = 24.16241pt (M);
(lettrine.sty)             reported on input line 215.

Underfull \vbox (badness 10000) has occurred while \output is active []

 [3


]
[4] [5


] [6]
Overfull \hbox (2.2124pt too wide) in paragraph at lines 234--234
[][]\TU/lmr/m/it/12 À propos de data.bnf.fr\TU/lmr/m/n/12 , s.d. \TU/lmr/m/sc/1
2 url \TU/lmr/m/n/12 : []$[][][][][] [] [] [] [][][][] [] [][][] [] [][] [] [][
] [] [][][][][]$[] (visité le 16/07/2024). 
 []


Overfull \hbox (1.93259pt too wide) in paragraph at lines 234--234
[][]\TU/lmr/m/it/12 About - Schema.org\TU/lmr/m/n/12 , \TU/lmr/m/sc/12 url \TU/
lmr/m/n/12 : []$[][][][][] [] [] [] [][][][][][] [] [][][] [] [][][][] [] [][][
][][] [] [][][][]$[] (visité le 19/08/2024). 
 []


Overfull \hbox (37.00035pt too wide) in paragraph at lines 234--234
[][][]\TU/lmr/m/sc/12 Balle []\TU/lmr/m/n/12 (Francis), \TU/lmr/m/it/12 Sérendi
pité\TU/lmr/m/n/12 , mars 2015, \TU/lmr/m/sc/12 url \TU/lmr/m/n/12 : []$[][][][
][] [] [] [] [][][] [] [][][][][][][][][][][] [] [][] [] [][][][][][][][][][][]
[][] []
 []

[7

]
Overfull \hbox (9.21536pt too wide) in paragraph at lines 234--234
[][][] [] [][][][][][][] [] [][][][] [] [][] [] [][] [] [][][][][][] [][] [][][
][][][][][][][][][][] [] [][][][][][][][][][][][] [][] [][][][][][][][][][][][]
[][] [][]
 []


Overfull \hbox (8.91592pt too wide) in paragraph at lines 234--234
[][][]\TU/lmr/m/sc/12 Conseil de la radiodiffusion et des télécommunications ca
nadiennes (CRTC)
 []


Overfull \hbox (0.32355pt too wide) in paragraph at lines 234--234
[][][]\TU/lmr/m/sc/12 Dasgupta []\TU/lmr/m/n/12 (Anirban), []\TU/lmr/m/sc/12 Gh
osh []\TU/lmr/m/n/12 (Arpita), []\TU/lmr/m/sc/12 Kumar []\TU/lmr/m/n/12 (Ravi),
 []\TU/lmr/m/sc/12 Olston []\TU/lmr/m/n/12 (Christopher), []\TU/lmr/m/sc/12 Pan
dey
 []


Overfull \hbox (48.6472pt too wide) in paragraph at lines 234--234
[][]\TU/lmr/m/it/12 Get More Eyes on Your Content Using StumbleUpon\TU/lmr/m/n/
12 , déc. 2012, \TU/lmr/m/sc/12 url \TU/lmr/m/n/12 : []$[][][][][] [] [] [] [][
][][][][][][][][][][][][][][] []
 []

[8]
Overfull \hbox (2.54834pt too wide) in paragraph at lines 234--234
\TU/lmr/m/it/12 rels\TU/lmr/m/n/12 , juin 2023, \TU/lmr/m/sc/12 url \TU/lmr/m/n
/12 : []$[][][][][] [] [] [] [][][] [] [][][] [] [][] [] [][] [] [][][][][][] [
] [][][][][][] [][] [][] [][] [][][][][][][][][][][][][][] [][]
 []


Overfull \hbox (5.20383pt too wide) in paragraph at lines 234--234
[][][]\TU/lmr/m/sc/12 Ministères de la Culture (France et Québec)[]\TU/lmr/m/n/
12 , \TU/lmr/m/it/12 Rapport - Mission franco-québécoise
 []

[9] [10] [11] [12

] [13]
Overfull \hbox (1.18959pt too wide) in paragraph at lines 235--235
[][][]\TU/lmr/m/sc/12 Ehrmann []\TU/lmr/m/n/12 (Maud), «   Explorer la presse n
umérisée : le projet Impresso », 129/2021 (27 nov.
 []


Overfull \hbox (190.39917pt too wide) in paragraph at lines 235--235
[][][] [][] [][][][][][][] [][] [] [][] [][] [][] [][][][][][][] [][] [] [][] [
] [][] [][][][][][][] [] [][][][][][][] [] [][][][][][][][][][][][][][][][][][]
[][][][][][][][][][][][][][][][][][][][][][][][][][][][][][][][][][][][][][]$[]

 []

[14] [15]
Overfull \hbox (8.58618pt too wide) in paragraph at lines 235--235
\TU/lmr/m/n/12 Challenges », \TU/lmr/m/it/12 IEEE Transactions on Visualization
 and Computer Graphics\TU/lmr/m/n/12 , 25–6 (1$[]$ juin
 []

[16]
Overfull \hbox (25.75261pt too wide) in paragraph at lines 236--236
[][]\TU/lmr/m/it/12 Accessibilité numérique | Mon Parcours Handicap\TU/lmr/m/n/
12 , \TU/lmr/m/sc/12 url \TU/lmr/m/n/12 : []$[][][][][] [] [] [] [][][] [] [][]
[][][][][][][][][][][][][][][][][] []
 []


Overfull \hbox (52.77664pt too wide) in paragraph at lines 236--236
[][]\TU/lmr/m/it/12 Bulles de filtre et chambres d’écho - Fondation Descartes\T
U/lmr/m/n/12 , \TU/lmr/m/sc/12 url \TU/lmr/m/n/12 : []$[][][][][] [] [] [] [][]
[] [] [][][][][][][][][][][][][][][][][][] []
 []


Overfull \hbox (22.57535pt too wide) in paragraph at lines 236--236
[][][][][][][][] [] [][][][][][][][] [] [][][][][][][][][] [][] [][][][][][][][
] [][] [][][] [][] [][][][][][][][][] [] [][][][][][][][][] [][] [][][][][][][]
[][][][][] [][]
 []

[17

] [18]
Overfull \hbox (4.03537pt too wide) in paragraph at lines 236--236
[][][][][][] [] [][][][][][] [] [][][][] [] [][] [] [][][][][][][][][][][] [] [
][][][][] [] [] [] [] [][] [][][] [][] [][][][][][] [][] [][][] [][] [][][][][]
[][][][][][] [][]
 []

[19]
Overfull \hbox (28.0301pt too wide) in paragraph at lines 236--236
\TU/lmr/m/n/12 pectives d’émancipation. Le disparate comme condition d’individu
ation par la relation ? »,
 []

[20] [21] [22

]
Overfull \hbox (7.16252pt too wide) in paragraph at lines 239--239
[][]\TU/lmr/m/it/12 CNRTL : Définition de CATALOGUE\TU/lmr/m/n/12 , \TU/lmr/m/s
c/12 url \TU/lmr/m/n/12 : []$[][][][][] [] [] [] [][][][][] [] [][] [] [][][][]
[][][][][][] [] [][][][][][][][][] []
 []


Overfull \hbox (10.98088pt too wide) in paragraph at lines 239--239
[][]\TU/lmr/m/it/12 L.H.O.O.Q. - Centre Pompidou\TU/lmr/m/n/12 , \TU/lmr/m/sc/1
2 url \TU/lmr/m/n/12 : []$[][][][][] [] [] [] [][][] [] [][][][][][][][][][][][
][][] [] [][] [] [][] [] [][][][][][][][][][] []
 []

[23]
Overfull \hbox (6.4675pt too wide) in paragraph at lines 239--239
[][][][][][][][][][][] [] [][][] [] [][][][][][] [][] [][][][][][] [][] [][][][
][][] [][] [][][][][] [] [][][] [] [][][][][][]$[] \TU/lmr/m/n/12 (visité le 19
/08/2024). 
 []

[24] [25

] [26] [27] [28

] (./section1/partie1.tex [1


] [2]
Chapitre 1.
Missing character: There is no   (U+2009) in font [lmroman12-regular]:mapping=t
ex-text;!
Missing character: There is no   (U+2009) in font [lmroman12-regular]:mapping=t
ex-text;!
Missing character: There is no   (U+2009) in font [lmroman12-regular]:mapping=t
ex-text;!
Missing character: There is no   (U+2009) in font [lmroman12-regular]:mapping=t
ex-text;!
Missing character: There is no   (U+2009) in font [lmroman10-regular]:mapping=t
ex-text;!
Missing character: There is no   (U+2009) in font [lmroman10-regular]:mapping=t
ex-text;!
Missing character: There is no   (U+2009) in font [lmroman12-regular]:mapping=t
ex-text;!
Missing character: There is no   (U+2009) in font [lmroman12-regular]:mapping=t
ex-text;!
Missing character: There is no   (U+2009) in font [lmroman12-regular]:mapping=t
ex-text;!
Missing character: There is no   (U+2009) in font [lmroman12-regular]:mapping=t
ex-text;!
Missing character: There is no   (U+2009) in font [lmroman12-regular]:mapping=t
ex-text;!
Missing character: There is no   (U+2009) in font [lmroman12-regular]:mapping=t
ex-text;!
Missing character: There is no   (U+2009) in font [lmroman12-regular]:mapping=t
ex-text;!
Missing character: There is no   (U+2009) in font [lmroman12-regular]:mapping=t
ex-text;!
[3

]
Missing character: There is no   (U+2009) in font [lmroman12-regular]:mapping=t
ex-text;!
Missing character: There is no   (U+2009) in font [lmroman12-regular]:mapping=t
ex-text;!
Missing character: There is no   (U+2009) in font [lmroman12-regular]:mapping=t
ex-text;!
Missing character: There is no   (U+2009) in font [lmroman12-regular]:mapping=t
ex-text;!
Missing character: There is no   (U+2009) in font [lmroman12-regular]:mapping=t
ex-text;!
Missing character: There is no   (U+2009) in font [lmroman12-regular]:mapping=t
ex-text;!
Missing character: There is no   (U+2009) in font [lmroman12-regular]:mapping=t
ex-text;!
Missing character: There is no   (U+2009) in font [lmroman12-regular]:mapping=t
ex-text;!
Missing character: There is no   (U+2009) in font [lmroman12-regular]:mapping=t
ex-text;!
Missing character: There is no   (U+2009) in font [lmroman12-regular]:mapping=t
ex-text;!
[4]
Missing character: There is no   (U+2009) in font [lmroman12-regular]:mapping=t
ex-text;!
Missing character: There is no   (U+2009) in font [lmroman12-regular]:mapping=t
ex-text;!
[5]
Underfull \vbox (badness 2310) has occurred while \output is active []

 [6]
Missing character: There is no   (U+2009) in font [lmroman12-regular]:mapping=t
ex-text;!
Missing character: There is no   (U+2009) in font [lmroman12-regular]:mapping=t
ex-text;!
Missing character: There is no   (U+2009) in font [lmroman12-regular]:mapping=t
ex-text;!
Missing character: There is no   (U+2009) in font [lmroman12-regular]:mapping=t
ex-text;!
Missing character: There is no   (U+2009) in font [lmroman12-regular]:mapping=t
ex-text;!
Missing character: There is no   (U+2009) in font [lmroman12-regular]:mapping=t
ex-text;!
Missing character: There is no   (U+2009) in font [lmroman12-regular]:mapping=t
ex-text;!
Missing character: There is no   (U+2009) in font [lmroman12-regular]:mapping=t
ex-text;!
[7]
Missing character: There is no   (U+2009) in font [lmroman12-regular]:mapping=t
ex-text;!
Missing character: There is no   (U+2009) in font [lmroman12-regular]:mapping=t
ex-text;!
Missing character: There is no   (U+2009) in font [lmroman12-regular]:mapping=t
ex-text;!
Missing character: There is no   (U+2009) in font [lmroman12-regular]:mapping=t
ex-text;!
Missing character: There is no   (U+2009) in font [lmroman12-regular]:mapping=t
ex-text;!
Missing character: There is no   (U+2009) in font [lmroman12-regular]:mapping=t
ex-text;!
[8] [9] [10

]
Chapitre 2.
Missing character: There is no   (U+2009) in font [lmroman12-regular]:mapping=t
ex-text;!
Missing character: There is no   (U+2009) in font [lmroman12-regular]:mapping=t
ex-text;!
Missing character: There is no   (U+2009) in font [lmroman12-regular]:mapping=t
ex-text;!
Missing character: There is no   (U+2009) in font [lmroman12-regular]:mapping=t
ex-text;!
Missing character: There is no   (U+2009) in font [lmroman12-regular]:mapping=t
ex-text;!
Missing character: There is no   (U+2009) in font [lmroman12-regular]:mapping=t
ex-text;!
Missing character: There is no   (U+2009) in font [lmroman10-regular]:mapping=t
ex-text;!
Missing character: There is no   (U+2009) in font [lmroman10-regular]:mapping=t
ex-text;!
[11]
Missing character: There is no   (U+2009) in font [lmroman12-regular]:mapping=t
ex-text;!
Missing character: There is no   (U+2009) in font [lmroman12-regular]:mapping=t
ex-text;!
Missing character: There is no   (U+2009) in font [lmroman12-regular]:mapping=t
ex-text;!
Missing character: There is no   (U+2009) in font [lmroman12-regular]:mapping=t
ex-text;!

Package fancyhdr Warning: \headheight is too small (16.0pt): 
(fancyhdr)                Make it at least 26.56978pt, for example:
(fancyhdr)                \setlength{\headheight}{26.56978pt}.
(fancyhdr)                You might also make \topmargin smaller to compensate:

(fancyhdr)                \addtolength{\topmargin}{-10.56978pt}.

[12]
Underfull \vbox (badness 10000) has occurred while \output is active []



Package fancyhdr Warning: \headheight is too small (16.0pt): 
(fancyhdr)                Make it at least 26.56978pt, for example:
(fancyhdr)                \setlength{\headheight}{26.56978pt}.
(fancyhdr)                You might also make \topmargin smaller to compensate:

(fancyhdr)                \addtolength{\topmargin}{-10.56978pt}.

[13]

Package fancyhdr Warning: \headheight is too small (16.0pt): 
(fancyhdr)                Make it at least 26.56978pt, for example:
(fancyhdr)                \setlength{\headheight}{26.56978pt}.
(fancyhdr)                You might also make \topmargin smaller to compensate:

(fancyhdr)                \addtolength{\topmargin}{-10.56978pt}.

[14]
Missing character: There is no   (U+2009) in font [lmroman12-regular]:mapping=t
ex-text;!

Package fancyhdr Warning: \headheight is too small (16.0pt): 
(fancyhdr)                Make it at least 26.56978pt, for example:
(fancyhdr)                \setlength{\headheight}{26.56978pt}.
(fancyhdr)                You might also make \topmargin smaller to compensate:

(fancyhdr)                \addtolength{\topmargin}{-10.56978pt}.

[15]
Missing character: There is no   (U+2009) in font [lmroman12-regular]:mapping=t
ex-text;!
Missing character: There is no   (U+2009) in font [lmroman12-regular]:mapping=t
ex-text;!
Missing character: There is no   (U+2009) in font [lmroman12-regular]:mapping=t
ex-text;!
Missing character: There is no   (U+2009) in font [lmroman12-regular]:mapping=t
ex-text;!
Missing character: There is no   (U+2009) in font [lmroman12-regular]:mapping=t
ex-text;!
Missing character: There is no   (U+2009) in font [lmroman12-regular]:mapping=t
ex-text;!
Missing character: There is no   (U+2009) in font [lmroman12-regular]:mapping=t
ex-text;!
Missing character: There is no   (U+2009) in font [lmroman12-regular]:mapping=t
ex-text;!
Missing character: There is no   (U+2009) in font [lmroman12-regular]:mapping=t
ex-text;!

Underfull \vbox (badness 1303) has occurred while \output is active []



Package fancyhdr Warning: \headheight is too small (16.0pt): 
(fancyhdr)                Make it at least 26.56978pt, for example:
(fancyhdr)                \setlength{\headheight}{26.56978pt}.
(fancyhdr)                You might also make \topmargin smaller to compensate:

(fancyhdr)                \addtolength{\topmargin}{-10.56978pt}.

[16]
Missing character: There is no   (U+2009) in font [lmroman12-regular]:mapping=t
ex-text;!

Package fancyhdr Warning: \headheight is too small (16.0pt): 
(fancyhdr)                Make it at least 26.56978pt, for example:
(fancyhdr)                \setlength{\headheight}{26.56978pt}.
(fancyhdr)                You might also make \topmargin smaller to compensate:

(fancyhdr)                \addtolength{\topmargin}{-10.56978pt}.

[17]
Missing character: There is no   (U+2009) in font [lmroman12-regular]:mapping=t
ex-text;!
Missing character: There is no   (U+2009) in font [lmroman12-regular]:mapping=t
ex-text;!
Missing character: There is no   (U+2009) in font [lmroman12-regular]:mapping=t
ex-text;!
Missing character: There is no   (U+2009) in font [lmroman12-regular]:mapping=t
ex-text;!

Package fancyhdr Warning: \headheight is too small (16.0pt): 
(fancyhdr)                Make it at least 26.56978pt, for example:
(fancyhdr)                \setlength{\headheight}{26.56978pt}.
(fancyhdr)                You might also make \topmargin smaller to compensate:

(fancyhdr)                \addtolength{\topmargin}{-10.56978pt}.

[18]
File: images/gesimavsgico.png Graphic file (type bmp)
<images/gesimavsgico.png>
File: images/image1.png Graphic file (type bmp)
<images/image1.png>


LaTeX Warning: `!h' float specifier changed to `!ht'.


Package fancyhdr Warning: \headheight is too small (16.0pt): 
(fancyhdr)                Make it at least 26.56978pt, for example:
(fancyhdr)                \setlength{\headheight}{26.56978pt}.
(fancyhdr)                You might also make \topmargin smaller to compensate:

(fancyhdr)                \addtolength{\topmargin}{-10.56978pt}.

[19]
Underfull \vbox (badness 1565) has occurred while \output is active []



Package fancyhdr Warning: \headheight is too small (16.0pt): 
(fancyhdr)                Make it at least 26.56978pt, for example:
(fancyhdr)                \setlength{\headheight}{26.56978pt}.
(fancyhdr)                You might also make \topmargin smaller to compensate:

(fancyhdr)                \addtolength{\topmargin}{-10.56978pt}.

[20]

Package fancyhdr Warning: \headheight is too small (16.0pt): 
(fancyhdr)                Make it at least 26.56978pt, for example:
(fancyhdr)                \setlength{\headheight}{26.56978pt}.
(fancyhdr)                You might also make \topmargin smaller to compensate:

(fancyhdr)                \addtolength{\topmargin}{-10.56978pt}.

[21]

Package fancyhdr Warning: \headheight is too small (16.0pt): 
(fancyhdr)                Make it at least 26.56978pt, for example:
(fancyhdr)                \setlength{\headheight}{26.56978pt}.
(fancyhdr)                You might also make \topmargin smaller to compensate:

(fancyhdr)                \addtolength{\topmargin}{-10.56978pt}.

[22

]
Chapitre 3.
Missing character: There is no   (U+2009) in font [lmroman12-regular]:mapping=t
ex-text;!
Missing character: There is no   (U+2009) in font [lmroman12-regular]:mapping=t
ex-text;!

Underfull \hbox (badness 2197) in paragraph at lines 172--172
[][][]\TU/lmr/m/n/10 .[][]Il est très difficile de trouver un auteur à cette ci
tation, très présente sur le web
 []

Missing character: There is no   (U+2009) in font [lmroman12-regular]:mapping=t
ex-text;!
Missing character: There is no   (U+2009) in font [lmroman12-regular]:mapping=t
ex-text;!
Missing character: There is no   (U+2009) in font [lmroman12-regular]:mapping=t
ex-text;!
Missing character: There is no   (U+2009) in font [lmroman12-regular]:mapping=t
ex-text;!
Missing character: There is no   (U+2009) in font [lmroman12-regular]:mapping=t
ex-text;!
Missing character: There is no   (U+2009) in font [lmroman12-regular]:mapping=t
ex-text;!

Underfull \hbox (badness 5637) in paragraph at lines 175--175
[][][]\TU/lmr/m/n/10 .[][]Josée Plamondon, \TU/lmr/m/it/10 Bien documenter pour
 favoriser la découverte en ligne : tra-
 []


Underfull \hbox (badness 5161) in paragraph at lines 175--175
\TU/lmr/m/it/10 vailler avec les métadonnées\TU/lmr/m/n/10 , rapp. tech., Canad
a, Fondation Jean-Pierre Perreault, 2019,
 []


Underfull \hbox (badness 1253) in paragraph at lines 175--175
[]$[][][][][] [] [] [] [][][][][][][][][] [] [][][][] [] [][] [] [][] [] [][][]
[][][][][][][] [] [][][][][][][] [] [][][][][] [] [][][][][][][]$[]\TU/lmr/m/n/
10 , pp. 13-14, cité dans \TU/lmr/m/it/10 Rap-
 []


Overfull \hbox (86.25589pt too wide) in paragraph at lines 175--175
[][][][][][][][][][][][][][][][][][][][][][][][][][][][][][][][][][][][][][][][
][][][][][][][][][][][][][][][][][][][][][][][][][][][][][][][][][][][][][][][]
[][][][][][][][][][][][][][][][][][][][][][][][][][][][][][][][][][] []
 []


Underfull \vbox (badness 10000) has occurred while \output is active []

 [23]
Missing character: There is no   (U+2009) in font [lmroman12-regular]:mapping=t
ex-text;!
File: images/image2.jpg Graphic file (type bmp)
<images/image2.jpg>
Missing character: There is no   (U+2009) in font [lmroman12-regular]:mapping=t
ex-text;!
Missing character: There is no   (U+2009) in font [lmroman12-regular]:mapping=t
ex-text;!
Missing character: There is no   (U+2009) in font [lmroman12-regular]:mapping=t
ex-text;!
Missing character: There is no   (U+2009) in font [lmroman12-regular]:mapping=t
ex-text;!

Underfull \vbox (badness 2005) has occurred while \output is active []

 [24]
Missing character: There is no   (U+2009) in font [lmroman12-regular]:mapping=t
ex-text;!
Missing character: There is no   (U+2009) in font [lmroman12-regular]:mapping=t
ex-text;!
Missing character: There is no   (U+2009) in font [lmroman12-regular]:mapping=t
ex-text;!
Missing character: There is no   (U+2009) in font [lmroman12-regular]:mapping=t
ex-text;!
Missing character: There is no   (U+2009) in font [lmroman12-regular]:mapping=t
ex-text;!
Missing character: There is no   (U+2009) in font [lmroman12-regular]:mapping=t
ex-text;!
Missing character: There is no   (U+2009) in font [lmroman12-regular]:mapping=t
ex-text;!
Missing character: There is no   (U+2009) in font [lmroman12-regular]:mapping=t
ex-text;!
Missing character: There is no   (U+2009) in font [lmroman12-regular]:mapping=t
ex-text;!
File: images/image3.jpg Graphic file (type bmp)
<images/image3.jpg>

LaTeX Warning: `!h' float specifier changed to `!ht'.

[25]
File: images/image4.png Graphic file (type bmp)
<images/image4.png>
File: images/image5.png Graphic file (type bmp)
<images/image5.png>


LaTeX Warning: `!h' float specifier changed to `!ht'.

[26]
Missing character: There is no   (U+2009) in font [lmroman12-regular]:mapping=t
ex-text;!
Missing character: There is no   (U+2009) in font [lmroman12-regular]:mapping=t
ex-text;!
Missing character: There is no   (U+2009) in font [lmroman12-regular]:mapping=t
ex-text;!
Missing character: There is no   (U+2009) in font [lmroman12-regular]:mapping=t
ex-text;!
[27]
File: images/image7.png Graphic file (type bmp)
<images/image7.png>
File: images/image6.png Graphic file (type bmp)
<images/image6.png>

Missing character: There is no   (U+2009) in font [lmroman12-regular]:mapping=t
ex-text;!
Missing character: There is no   (U+2009) in font [lmroman12-regular]:mapping=t
ex-text;!
Missing character: There is no   (U+2009) in font [lmroman12-regular]:mapping=t
ex-text;!
Missing character: There is no   (U+2009) in font [lmroman12-regular]:mapping=t
ex-text;!
Missing character: There is no   (U+2009) in font [lmroman12-regular]:mapping=t
ex-text;!

Underfull \hbox (badness 6859) in paragraph at lines 265--265
[][][]\TU/lmr/m/n/10 .[][]Josée Plamondon, Bien documenter pour favoriser la dé
couverte en ligne : tra-
 []


Underfull \hbox (badness 5771) in paragraph at lines 265--265
\TU/lmr/m/n/10 vailler avec les métadonnées, rapp. tech., Canada, Fondation Jea
n-Pierre Perreault, 2019,
 []


Underfull \hbox (badness 5359) in paragraph at lines 265--265
\TU/lmr/m/n/10 url : []$[][][][][] [] [] [] [][][][][][][][][] [] [][][][] [] [
][] [] [][] [] [][][][][][][][][][] [] [][][][][][][] [] [][][][][] [] [][][][]
[][][]$[], p. 14.cité dans :
 []


Underfull \hbox (badness 4832) in paragraph at lines 265--265
\TU/lmr/m/it/10 Rapport - Mission franco-québécoise sur la découvrabilité en li
gne des contenus culturels
 []


Underfull \hbox (badness 2744) in paragraph at lines 265--265
\TU/lmr/m/it/10 francophones\TU/lmr/m/n/10 , Ministères de la Culture de la Fra
nce et du Québec, France, Québec, 2020,
 []


Underfull \hbox (badness 10000) in paragraph at lines 265--265
\TU/lmr/m/n/10 p. 60, []$[][][][][] [] [] [] [][][] [] [][][][][][][] [] [][][]
[] [] [][] [] [][][][][] [] [][][][][][][][][][][][][][][][][][][][][][][][][][
][][][][][][][][][][][][][][][][][][] []
 []


Overfull \hbox (86.25589pt too wide) in paragraph at lines 265--265
[][][][][][][][][][][][][][][][][][][][][][][][][][][][][][][][][][][][][][][][
][][][][][][][][][][][][][][][][][][][][][][][][][][][][][][][][][][][][][][][]
[][][][][][][][][][][][][][][][][][][][][][][][][][][][][][][][][][] []
 []


Underfull \vbox (badness 3098) has occurred while \output is active []

 [28]
Missing character: There is no   (U+2009) in font [lmroman12-regular]:mapping=t
ex-text;!
Missing character: There is no   (U+2009) in font [lmroman12-regular]:mapping=t
ex-text;!
Missing character: There is no   (U+2009) in font [lmroman12-regular]:mapping=t
ex-text;!
Missing character: There is no   (U+2009) in font [lmroman12-regular]:mapping=t
ex-text;!
Missing character: There is no   (U+2009) in font [lmroman12-regular]:mapping=t
ex-text;!
Missing character: There is no   (U+2009) in font [lmroman12-regular]:mapping=t
ex-text;!
[29]
File: images/image8.png Graphic file (type bmp)
<images/image8.png>


LaTeX Warning: `!h' float specifier changed to `!ht'.

Missing character: There is no   (U+2009) in font [lmroman12-regular]:mapping=t
ex-text;!
Missing character: There is no   (U+2009) in font [lmroman12-regular]:mapping=t
ex-text;!
Missing character: There is no   (U+2009) in font [lmroman12-regular]:mapping=t
ex-text;!
Missing character: There is no   (U+2009) in font [lmroman12-regular]:mapping=t
ex-text;!
Missing character: There is no   (U+2009) in font [lmroman12-regular]:mapping=t
ex-text;!
Missing character: There is no   (U+2009) in font [lmroman12-regular]:mapping=t
ex-text;!
[30] [31] [32

]
Chapitre 4.

Overfull \hbox (5.55579pt too wide) in paragraph at lines 297--297
[]\TU/lmr/bx/n/14.4 Sérendipité[] : quand l’heureux hasard rencontre les algori
thmes 
 []

Missing character: There is no   (U+2009) in font [lmroman12-regular]:mapping=t
ex-text;!
Missing character: There is no   (U+2009) in font [lmroman12-regular]:mapping=t
ex-text;!
Missing character: There is no   (U+2009) in font [lmroman12-regular]:mapping=t
ex-text;!
Missing character: There is no   (U+2009) in font [lmroman12-regular]:mapping=t
ex-text;!
Missing character: There is no   (U+2009) in font [lmroman12-regular]:mapping=t
ex-text;!
Missing character: There is no   (U+2009) in font [lmroman12-regular]:mapping=t
ex-text;!
Missing character: There is no   (U+2009) in font [lmroman12-regular]:mapping=t
ex-text;!
Missing character: There is no   (U+2009) in font [lmroman12-regular]:mapping=t
ex-text;!
Missing character: There is no   (U+2009) in font [lmroman12-regular]:mapping=t
ex-text;!
Missing character: There is no   (U+2009) in font [lmroman12-regular]:mapping=t
ex-text;!
Missing character: There is no   (U+2009) in font [lmroman12-regular]:mapping=t
ex-text;!
Missing character: There is no   (U+2009) in font [lmroman12-regular]:mapping=t
ex-text;!
Missing character: There is no   (U+2009) in font [lmroman12-regular]:mapping=t
ex-text;!
Missing character: There is no   (U+2009) in font [lmroman12-regular]:mapping=t
ex-text;!
Missing character: There is no   (U+2009) in font [lmroman12-regular]:mapping=t
ex-text;!

Underfull \vbox (badness 1163) has occurred while \output is active []

 [33]
Missing character: There is no   (U+2009) in font [lmroman12-regular]:mapping=t
ex-text;!
Missing character: There is no   (U+2009) in font [lmroman12-regular]:mapping=t
ex-text;!
Missing character: There is no   (U+2009) in font [lmroman12-regular]:mapping=t
ex-text;!
Missing character: There is no   (U+2009) in font [lmroman12-regular]:mapping=t
ex-text;!
Missing character: There is no   (U+2009) in font [lmroman12-regular]:mapping=t
ex-text;!
Missing character: There is no   (U+2009) in font [lmroman12-regular]:mapping=t
ex-text;!
Missing character: There is no   (U+2009) in font [lmroman12-regular]:mapping=t
ex-text;!
Missing character: There is no   (U+2009) in font [lmroman12-regular]:mapping=t
ex-text;!
Missing character: There is no   (U+2009) in font [lmroman12-regular]:mapping=t
ex-text;!
Missing character: There is no   (U+2009) in font [lmroman12-regular]:mapping=t
ex-text;!

LaTeX Warning: Citation '14' on page 34 undefined on input line 301.

Missing character: There is no   (U+2009) in font [lmroman12-regular]:mapping=t
ex-text;!
Missing character: There is no   (U+2009) in font [lmroman12-regular]:mapping=t
ex-text;!
Missing character: There is no   (U+2009) in font [lmroman12-regular]:mapping=t
ex-text;!
Missing character: There is no   (U+2009) in font [lmroman12-regular]:mapping=t
ex-text;!
Missing character: There is no   (U+2009) in font [lmroman12-regular]:mapping=t
ex-text;!
Missing character: There is no   (U+2009) in font [lmroman12-regular]:mapping=t
ex-text;!
[34]
Missing character: There is no   (U+2009) in font [lmroman12-regular]:mapping=t
ex-text;!
Missing character: There is no   (U+2009) in font [lmroman12-regular]:mapping=t
ex-text;!
Missing character: There is no   (U+2009) in font [lmroman12-regular]:mapping=t
ex-text;!
Missing character: There is no   (U+2009) in font [lmroman12-regular]:mapping=t
ex-text;!
Missing character: There is no   (U+2009) in font [lmroman12-regular]:mapping=t
ex-text;!
Missing character: There is no   (U+2009) in font [lmroman12-regular]:mapping=t
ex-text;!
File: images/image9.png Graphic file (type bmp)
<images/image9.png>

LaTeX Warning: `!h' float specifier changed to `!ht'.

Missing character: There is no   (U+2009) in font [lmroman12-regular]:mapping=t
ex-text;!
Missing character: There is no   (U+2009) in font [lmroman12-regular]:mapping=t
ex-text;!

Underfull \hbox (badness 1648) in paragraph at lines 316--316
[][][]\TU/lmr/m/n/10 .[][][][]\TU/lmr/m/it/10 Get More Eyes on Your Content Usi
ng StumbleUpon\TU/lmr/m/n/10 , déc. 2012, \TU/lmr/m/sc/10 url \TU/lmr/m/n/10 : 
[]$[][][][][] [] [] []
 []

Missing character: There is no   (U+2009) in font [lmroman12-regular]:mapping=t
ex-text;!
Missing character: There is no   (U+2009) in font [lmroman12-regular]:mapping=t
ex-text;!
Missing character: There is no   (U+2009) in font [lmroman12-regular]:mapping=t
ex-text;!
Missing character: There is no   (U+2009) in font [lmroman12-regular]:mapping=t
ex-text;!
Missing character: There is no   (U+2009) in font [lmroman12-regular]:mapping=t
ex-text;!
Missing character: There is no   (U+2009) in font [lmroman12-regular]:mapping=t
ex-text;!
Missing character: There is no   (U+2009) in font [lmroman12-regular]:mapping=t
ex-text;!
Missing character: There is no   (U+2009) in font [lmroman12-regular]:mapping=t
ex-text;!
Missing character: There is no   (U+2009) in font [lmroman12-regular]:mapping=t
ex-text;!

Underfull \vbox (badness 10000) has occurred while \output is active []

 [35]
Missing character: There is no   (U+2009) in font [lmroman12-regular]:mapping=t
ex-text;!
Missing character: There is no   (U+2009) in font [lmroman10-regular]:mapping=t
ex-text;!
Missing character: There is no   (U+2009) in font [lmroman10-regular]:mapping=t
ex-text;!
Missing character: There is no   (U+2009) in font [lmroman10-regular]:mapping=t
ex-text;!
Missing character: There is no   (U+2009) in font [lmroman10-regular]:mapping=t
ex-text;!
[36]
File: images/image10.png Graphic file (type bmp)
<images/image10.png>

Missing character: There is no   (U+2009) in font [lmroman12-regular]:mapping=t
ex-text;!
Missing character: There is no   (U+2009) in font [lmroman12-regular]:mapping=t
ex-text;!
[37]
Missing character: There is no   (U+2009) in font [lmroman12-regular]:mapping=t
ex-text;!
Missing character: There is no   (U+2009) in font [lmroman12-regular]:mapping=t
ex-text;!
Missing character: There is no   (U+2009) in font [lmroman12-regular]:mapping=t
ex-text;!
Missing character: There is no   (U+2009) in font [lmroman12-regular]:mapping=t
ex-text;!
Missing character: There is no   (U+2009) in font [lmroman12-regular]:mapping=t
ex-text;!
Missing character: There is no   (U+2009) in font [lmroman12-regular]:mapping=t
ex-text;!
Missing character: There is no   (U+2009) in font [lmroman12-regular]:mapping=t
ex-text;!

Underfull \vbox (badness 3668) has occurred while \output is active []

 [38]
Missing character: There is no   (U+2009) in font [lmroman12-regular]:mapping=t
ex-text;!
[39]
Missing character: There is no   (U+2009) in font [lmroman12-regular]:mapping=t
ex-text;!
Missing character: There is no   (U+2009) in font [lmroman12-regular]:mapping=t
ex-text;!
Missing character: There is no   (U+2009) in font [lmroman12-regular]:mapping=t
ex-text;!
Missing character: There is no   (U+2009) in font [lmroman12-regular]:mapping=t
ex-text;!
Missing character: There is no   (U+2009) in font [lmroman12-regular]:mapping=t
ex-text;!
Missing character: There is no   (U+2009) in font [lmroman12-regular]:mapping=t
ex-text;!
Missing character: There is no   (U+2009) in font [lmroman12-regular]:mapping=t
ex-text;!
Missing character: There is no   (U+2009) in font [lmroman12-regular]:mapping=t
ex-text;!
Missing character: There is no   (U+2009) in font [lmroman12-regular]:mapping=t
ex-text;!
Missing character: There is no   (U+2009) in font [lmroman12-regular]:mapping=t
ex-text;!
Missing character: There is no   (U+2009) in font [lmroman12-regular]:mapping=t
ex-text;!
Missing character: There is no   (U+2009) in font [lmroman12-regular]:mapping=t
ex-text;!
Missing character: There is no   (U+2009) in font [lmroman12-regular]:mapping=t
ex-text;!
Missing character: There is no   (U+2009) in font [lmroman12-regular]:mapping=t
ex-text;!
[40]) (./section2/partie2.tex [41] [42

] [43] [44]
Chapitre 5.
Missing character: There is no   (U+2009) in font [lmroman12-italic]:mapping=te
x-text;!
Missing character: There is no   (U+2009) in font [lmroman12-italic]:mapping=te
x-text;!
Missing character: There is no   (U+2009) in font [lmroman12-italic]:mapping=te
x-text;!
Missing character: There is no   (U+2009) in font [lmroman12-regular]:mapping=t
ex-text;!
Missing character: There is no   (U+2009) in font [lmroman12-regular]:mapping=t
ex-text;!
Missing character: There is no   (U+2009) in font [lmroman12-regular]:mapping=t
ex-text;!
Missing character: There is no   (U+2009) in font [lmroman12-regular]:mapping=t
ex-text;!
[45

] [46]
Chapitre 6.
Missing character: There is no   (U+2009) in font [lmroman12-regular]:mapping=t
ex-text;!
Missing character: There is no   (U+2009) in font [lmroman12-regular]:mapping=t
ex-text;!
Missing character: There is no   (U+2009) in font [lmroman12-regular]:mapping=t
ex-text;!
Missing character: There is no   (U+2009) in font [lmroman12-regular]:mapping=t
ex-text;!
Missing character: There is no   (U+2009) in font [lmroman12-regular]:mapping=t
ex-text;!
[47

]
Missing character: There is no   (U+2009) in font [lmroman12-regular]:mapping=t
ex-text;!
Missing character: There is no   (U+2009) in font [lmroman12-regular]:mapping=t
ex-text;!
Missing character: There is no   (U+2009) in font [lmroman12-regular]:mapping=t
ex-text;!
Missing character: There is no   (U+2009) in font [lmroman12-regular]:mapping=t
ex-text;!
Missing character: There is no   (U+2009) in font [lmroman12-regular]:mapping=t
ex-text;!
Missing character: There is no   (U+2009) in font [lmroman12-regular]:mapping=t
ex-text;!
[48]
Missing character: There is no   (U+2009) in font [lmroman12-regular]:mapping=t
ex-text;!
Missing character: There is no   (U+2009) in font [lmroman12-regular]:mapping=t
ex-text;!
Missing character: There is no   (U+2009) in font [lmroman12-regular]:mapping=t
ex-text;!
Missing character: There is no   (U+2009) in font [lmroman12-regular]:mapping=t
ex-text;!
Missing character: There is no   (U+2009) in font [lmroman12-regular]:mapping=t
ex-text;!
Missing character: There is no   (U+2009) in font [lmroman12-regular]:mapping=t
ex-text;!
Missing character: There is no   (U+2009) in font [lmroman12-regular]:mapping=t
ex-text;!
Missing character: There is no   (U+2009) in font [lmroman12-regular]:mapping=t
ex-text;!
[49] [50]
Missing character: There is no   (U+2009) in font [lmroman12-regular]:mapping=t
ex-text;!
Missing character: There is no   (U+2009) in font [lmroman12-regular]:mapping=t
ex-text;!
Missing character: There is no   (U+2009) in font [lmroman12-regular]:mapping=t
ex-text;!
Missing character: There is no   (U+2009) in font [lmroman12-regular]:mapping=t
ex-text;!
Missing character: There is no   (U+2009) in font [lmroman12-regular]:mapping=t
ex-text;!
Missing character: There is no   (U+2009) in font [lmroman12-regular]:mapping=t
ex-text;!
Missing character: There is no   (U+2009) in font [lmroman12-regular]:mapping=t
ex-text;!
Missing character: There is no   (U+2009) in font [lmroman12-regular]:mapping=t
ex-text;!
Missing character: There is no   (U+2009) in font [lmroman12-regular]:mapping=t
ex-text;!
Missing character: There is no   (U+2009) in font [lmroman12-regular]:mapping=t
ex-text;!
[51]
File: images/image11.png Graphic file (type bmp)
<images/image11.png>
 [52] [53] [54

]
Chapitre 7.
Missing character: There is no   (U+2009) in font [lmroman12-regular]:mapping=t
ex-text;!
Missing character: There is no   (U+2009) in font [lmroman12-regular]:mapping=t
ex-text;!
Missing character: There is no   (U+2009) in font [lmroman12-regular]:mapping=t
ex-text;!
Missing character: There is no   (U+2009) in font [lmroman12-regular]:mapping=t
ex-text;!
Missing character: There is no   (U+2009) in font [lmroman12-regular]:mapping=t
ex-text;!
Missing character: There is no   (U+2009) in font [lmroman12-regular]:mapping=t
ex-text;!
Missing character: There is no   (U+2009) in font [lmroman12-regular]:mapping=t
ex-text;!

Underfull \vbox (badness 1297) has occurred while \output is active []

 [55]
Missing character: There is no   (U+2009) in font [lmroman12-regular]:mapping=t
ex-text;!
Missing character: There is no   (U+2009) in font [lmroman12-regular]:mapping=t
ex-text;!
Missing character: There is no   (U+2009) in font [lmroman12-regular]:mapping=t
ex-text;!
Missing character: There is no   (U+2009) in font [lmroman12-regular]:mapping=t
ex-text;!
File: images/NYPLlab.png Graphic file (type bmp)
<images/NYPLlab.png>
File: images/image12.png Graphic file (type bmp)
<images/image12.png>

LaTeX Warning: `!h' float specifier changed to `!ht'.

Missing character: There is no   (U+2009) in font [lmroman12-regular]:mapping=t
ex-text;!

Package fancyhdr Warning: \headheight is too small (16.0pt): 
(fancyhdr)                Make it at least 26.56978pt, for example:
(fancyhdr)                \setlength{\headheight}{26.56978pt}.
(fancyhdr)                You might also make \topmargin smaller to compensate:

(fancyhdr)                \addtolength{\topmargin}{-10.56978pt}.

[56]
Underfull \hbox (badness 1082) in paragraph at lines 93--93
[][][]\TU/lmr/m/n/10 .[][]La navigation interactive est disponible en suivant c
e lien : []$[][][][] [] [] [] [][][][][][][][][][][][][][][][] []
 []

Missing character: There is no   (U+2009) in font [lmroman12-regular]:mapping=t
ex-text;!
Missing character: There is no   (U+2009) in font [lmroman12-regular]:mapping=t
ex-text;!
Missing character: There is no   (U+2009) in font [lmroman12-regular]:mapping=t
ex-text;!
Missing character: There is no   (U+2009) in font [lmroman12-regular]:mapping=t
ex-text;!
Missing character: There is no   (U+2009) in font [lmroman12-regular]:mapping=t
ex-text;!

Package fancyhdr Warning: \headheight is too small (16.0pt): 
(fancyhdr)                Make it at least 26.56978pt, for example:
(fancyhdr)                \setlength{\headheight}{26.56978pt}.
(fancyhdr)                You might also make \topmargin smaller to compensate:

(fancyhdr)                \addtolength{\topmargin}{-10.56978pt}.

[57]
File: images/image13.png Graphic file (type bmp)
<images/image13.png>

Missing character: There is no   (U+2009) in font [lmroman12-regular]:mapping=t
ex-text;!

Package fancyhdr Warning: \headheight is too small (16.0pt): 
(fancyhdr)                Make it at least 26.56978pt, for example:
(fancyhdr)                \setlength{\headheight}{26.56978pt}.
(fancyhdr)                You might also make \topmargin smaller to compensate:

(fancyhdr)                \addtolength{\topmargin}{-10.56978pt}.

[58]
Missing character: There is no   (U+2009) in font [lmroman12-regular]:mapping=t
ex-text;!
Missing character: There is no   (U+2009) in font [lmroman12-regular]:mapping=t
ex-text;!
Missing character: There is no   (U+2009) in font [lmroman10-regular]:mapping=t
ex-text;!
Missing character: There is no   (U+2009) in font [lmroman10-regular]:mapping=t
ex-text;!
Missing character: There is no   (U+2009) in font [lmroman12-regular]:mapping=t
ex-text;!
Missing character: There is no   (U+2009) in font [lmroman12-regular]:mapping=t
ex-text;!

Package fancyhdr Warning: \headheight is too small (16.0pt): 
(fancyhdr)                Make it at least 26.56978pt, for example:
(fancyhdr)                \setlength{\headheight}{26.56978pt}.
(fancyhdr)                You might also make \topmargin smaller to compensate:

(fancyhdr)                \addtolength{\topmargin}{-10.56978pt}.

[59]
Missing character: There is no   (U+2009) in font [lmroman12-regular]:mapping=t
ex-text;!
Missing character: There is no   (U+2009) in font [lmroman12-regular]:mapping=t
ex-text;!
Missing character: There is no   (U+2009) in font [lmroman12-regular]:mapping=t
ex-text;!
Missing character: There is no   (U+2009) in font [lmroman12-regular]:mapping=t
ex-text;!
File: images/image14.png Graphic file (type bmp)
<images/image14.png>

LaTeX Warning: `!h' float specifier changed to `!ht'.


Package fancyhdr Warning: \headheight is too small (16.0pt): 
(fancyhdr)                Make it at least 26.56978pt, for example:
(fancyhdr)                \setlength{\headheight}{26.56978pt}.
(fancyhdr)                You might also make \topmargin smaller to compensate:

(fancyhdr)                \addtolength{\topmargin}{-10.56978pt}.

[60]
Missing character: There is no   (U+2009) in font [lmroman12-regular]:mapping=t
ex-text;!
Missing character: There is no   (U+2009) in font [lmroman12-regular]:mapping=t
ex-text;!

Package fancyhdr Warning: \headheight is too small (16.0pt): 
(fancyhdr)                Make it at least 26.56978pt, for example:
(fancyhdr)                \setlength{\headheight}{26.56978pt}.
(fancyhdr)                You might also make \topmargin smaller to compensate:

(fancyhdr)                \addtolength{\topmargin}{-10.56978pt}.

[61]
File: images/image15.png Graphic file (type bmp)
<images/image15.png>

Missing character: There is no   (U+2009) in font [lmroman12-regular]:mapping=t
ex-text;!
Missing character: There is no   (U+2009) in font [lmroman12-regular]:mapping=t
ex-text;!
Missing character: There is no   (U+2009) in font [lmroman12-regular]:mapping=t
ex-text;!
Missing character: There is no   (U+2009) in font [lmroman12-regular]:mapping=t
ex-text;!

Package fancyhdr Warning: \headheight is too small (16.0pt): 
(fancyhdr)                Make it at least 26.56978pt, for example:
(fancyhdr)                \setlength{\headheight}{26.56978pt}.
(fancyhdr)                You might also make \topmargin smaller to compensate:

(fancyhdr)                \addtolength{\topmargin}{-10.56978pt}.

[62]
File: images/imageknowledge.png Graphic file (type bmp)
<images/imageknowledge.png>

Missing character: There is no   (U+2009) in font [lmroman12-regular]:mapping=t
ex-text;!
Missing character: There is no   (U+2009) in font [lmroman12-regular]:mapping=t
ex-text;!
Missing character: There is no   (U+2009) in font [lmroman12-regular]:mapping=t
ex-text;!
Missing character: There is no   (U+2009) in font [lmroman12-regular]:mapping=t
ex-text;!

Package fancyhdr Warning: \headheight is too small (16.0pt): 
(fancyhdr)                Make it at least 26.56978pt, for example:
(fancyhdr)                \setlength{\headheight}{26.56978pt}.
(fancyhdr)                You might also make \topmargin smaller to compensate:

(fancyhdr)                \addtolength{\topmargin}{-10.56978pt}.

[63]
Missing character: There is no   (U+2009) in font [lmroman12-regular]:mapping=t
ex-text;!
Missing character: There is no   (U+2009) in font [lmroman12-regular]:mapping=t
ex-text;!
Missing character: There is no   (U+2009) in font [lmroman12-regular]:mapping=t
ex-text;!
Missing character: There is no   (U+2009) in font [lmroman12-regular]:mapping=t
ex-text;!
Missing character: There is no   (U+2009) in font [lmroman12-regular]:mapping=t
ex-text;!
Missing character: There is no   (U+2009) in font [lmroman12-regular]:mapping=t
ex-text;!
Missing character: There is no   (U+2009) in font [lmroman12-regular]:mapping=t
ex-text;!
Missing character: There is no   (U+2009) in font [lmroman12-regular]:mapping=t
ex-text;!
Missing character: There is no   (U+2009) in font [lmroman12-regular]:mapping=t
ex-text;!
Missing character: There is no   (U+2009) in font [lmroman12-regular]:mapping=t
ex-text;!

Package fancyhdr Warning: \headheight is too small (16.0pt): 
(fancyhdr)                Make it at least 26.56978pt, for example:
(fancyhdr)                \setlength{\headheight}{26.56978pt}.
(fancyhdr)                You might also make \topmargin smaller to compensate:

(fancyhdr)                \addtolength{\topmargin}{-10.56978pt}.

[64]
File: images/image16.png Graphic file (type bmp)
<images/image16.png>


Package fancyhdr Warning: \headheight is too small (16.0pt): 
(fancyhdr)                Make it at least 26.56978pt, for example:
(fancyhdr)                \setlength{\headheight}{26.56978pt}.
(fancyhdr)                You might also make \topmargin smaller to compensate:

(fancyhdr)                \addtolength{\topmargin}{-10.56978pt}.

[65]
Missing character: There is no   (U+2009) in font [lmroman12-regular]:mapping=t
ex-text;!
Missing character: There is no   (U+2009) in font [lmroman12-regular]:mapping=t
ex-text;!
Missing character: There is no   (U+2009) in font [lmroman12-regular]:mapping=t
ex-text;!
Missing character: There is no   (U+2009) in font [lmroman12-regular]:mapping=t
ex-text;!
Missing character: There is no   (U+2009) in font [lmroman12-regular]:mapping=t
ex-text;!
Missing character: There is no   (U+2009) in font [lmroman12-regular]:mapping=t
ex-text;!
File: images/image17.png Graphic file (type bmp)
<images/image17.png>
Missing character: There is no   (U+2009) in font [lmroman12-regular]:mapping=t
ex-text;!
Missing character: There is no   (U+2009) in font [lmroman12-regular]:mapping=t
ex-text;!
Missing character: There is no   (U+2009) in font [lmroman12-regular]:mapping=t
ex-text;!
Missing character: There is no   (U+2009) in font [lmroman12-regular]:mapping=t
ex-text;!

Package fancyhdr Warning: \headheight is too small (16.0pt): 
(fancyhdr)                Make it at least 26.56978pt, for example:
(fancyhdr)                \setlength{\headheight}{26.56978pt}.
(fancyhdr)                You might also make \topmargin smaller to compensate:

(fancyhdr)                \addtolength{\topmargin}{-10.56978pt}.

[66]

Package fancyhdr Warning: \headheight is too small (16.0pt): 
(fancyhdr)                Make it at least 26.56978pt, for example:
(fancyhdr)                \setlength{\headheight}{26.56978pt}.
(fancyhdr)                You might also make \topmargin smaller to compensate:

(fancyhdr)                \addtolength{\topmargin}{-10.56978pt}.

[67]

Package fancyhdr Warning: \headheight is too small (16.0pt): 
(fancyhdr)                Make it at least 26.56978pt, for example:
(fancyhdr)                \setlength{\headheight}{26.56978pt}.
(fancyhdr)                You might also make \topmargin smaller to compensate:

(fancyhdr)                \addtolength{\topmargin}{-10.56978pt}.

[68

]
Chapitre 8.
Missing character: There is no   (U+2009) in font [lmroman12-regular]:mapping=t
ex-text;!
Missing character: There is no   (U+2009) in font [lmroman12-regular]:mapping=t
ex-text;!
Missing character: There is no   (U+2009) in font [lmroman12-regular]:mapping=t
ex-text;!
Missing character: There is no   (U+2009) in font [lmroman12-regular]:mapping=t
ex-text;!

Underfull \vbox (badness 10000) has occurred while \output is active []

 [69]
Missing character: There is no   (U+2009) in font [lmroman12-regular]:mapping=t
ex-text;!
Missing character: There is no   (U+2009) in font [lmroman12-regular]:mapping=t
ex-text;!
Missing character: There is no   (U+2009) in font [lmroman12-regular]:mapping=t
ex-text;!
Missing character: There is no   (U+2009) in font [lmroman12-regular]:mapping=t
ex-text;!
Missing character: There is no   (U+2009) in font [lmroman12-regular]:mapping=t
ex-text;!
Missing character: There is no   (U+2009) in font [lmroman12-regular]:mapping=t
ex-text;!
Missing character: There is no   (U+2009) in font [lmroman12-regular]:mapping=t
ex-text;!
File: images/image18.png Graphic file (type bmp)
<images/image18.png>

LaTeX Warning: `!h' float specifier changed to `!ht'.

[70]
File: images/image19.png Graphic file (type bmp)
<images/image19.png>
File: images/image20.png Graphic file (type bmp)
<images/image20.png>


LaTeX Warning: `!h' float specifier changed to `!ht'.

[71]
Missing character: There is no   (U+2009) in font [lmroman12-regular]:mapping=t
ex-text;!
[72]
File: images/image22.png Graphic file (type bmp)
<images/image22.png>

Underfull \vbox (badness 1286) has occurred while \output is active []

 [73]
[74]
Missing character: There is no   (U+2009) in font [lmroman12-regular]:mapping=t
ex-text;!
Missing character: There is no   (U+2009) in font [lmroman12-regular]:mapping=t
ex-text;!
Missing character: There is no   (U+2009) in font [lmroman12-regular]:mapping=t
ex-text;!
Missing character: There is no   (U+2009) in font [lmroman12-regular]:mapping=t
ex-text;!
File: images/image23.png Graphic file (type bmp)
<images/image23.png>
[75]
Missing character: There is no   (U+2009) in font [lmroman12-regular]:mapping=t
ex-text;!
Missing character: There is no   (U+2009) in font [lmroman12-regular]:mapping=t
ex-text;!
Missing character: There is no   (U+2009) in font [lmroman12-regular]:mapping=t
ex-text;!
Missing character: There is no   (U+2009) in font [lmroman12-regular]:mapping=t
ex-text;!
Missing character: There is no   (U+2009) in font [lmroman12-regular]:mapping=t
ex-text;!
Missing character: There is no   (U+2009) in font [lmroman12-regular]:mapping=t
ex-text;!
[76] [77]) (./section3/partie3.tex [78] [79

] [80]
Missing character: There is no   (U+2009) in font [lmroman12-regular]:mapping=t
ex-text;!
Missing character: There is no   (U+2009) in font [lmroman12-regular]:mapping=t
ex-text;!
[81

]
File: images/image24.jpg Graphic file (type bmp)
<images/image24.jpg>

Missing character: There is no   (U+2009) in font [lmroman10-regular]:mapping=t
ex-text;!
Missing character: There is no   (U+2009) in font [lmroman10-regular]:mapping=t
ex-text;!
Missing character: There is no   (U+2009) in font [lmroman12-regular]:mapping=t
ex-text;!
Missing character: There is no   (U+2009) in font [lmroman12-regular]:mapping=t
ex-text;!
Missing character: There is no   (U+2009) in font [lmroman12-regular]:mapping=t
ex-text;!
Missing character: There is no   (U+2009) in font [lmroman12-regular]:mapping=t
ex-text;!
[82] [83] [84

]
Chapitre 9.
Missing character: There is no   (U+2009) in font [lmroman12-regular]:mapping=t
ex-text;!
Missing character: There is no   (U+2009) in font [lmroman12-regular]:mapping=t
ex-text;!
Missing character: There is no   (U+2009) in font [lmroman12-regular]:mapping=t
ex-text;!
Missing character: There is no   (U+2009) in font [lmroman12-regular]:mapping=t
ex-text;!
Missing character: There is no   (U+2009) in font [lmroman12-regular]:mapping=t
ex-text;!
Missing character: There is no   (U+2009) in font [lmroman12-regular]:mapping=t
ex-text;!
[85]
Missing character: There is no   (U+2009) in font [lmroman12-regular]:mapping=t
ex-text;!
Missing character: There is no   (U+2009) in font [lmroman12-regular]:mapping=t
ex-text;!
Missing character: There is no   (U+2009) in font [lmroman12-regular]:mapping=t
ex-text;!
Missing character: There is no   (U+2009) in font [lmroman12-regular]:mapping=t
ex-text;!
Missing character: There is no   (U+2009) in font [lmroman12-regular]:mapping=t
ex-text;!
Missing character: There is no   (U+2009) in font [lmroman12-regular]:mapping=t
ex-text;!
Missing character: There is no   (U+2009) in font [lmroman12-regular]:mapping=t
ex-text;!
Missing character: There is no   (U+2009) in font [lmroman12-regular]:mapping=t
ex-text;!
Missing character: There is no   (U+2009) in font [lmroman12-regular]:mapping=t
ex-text;!
Missing character: There is no   (U+2009) in font [lmroman12-regular]:mapping=t
ex-text;!
Missing character: There is no   (U+2009) in font [lmroman12-regular]:mapping=t
ex-text;!
Missing character: There is no   (U+2009) in font [lmroman12-regular]:mapping=t
ex-text;!

Underfull \vbox (badness 10000) has occurred while \output is active []

 [86]
Missing character: There is no   (U+2009) in font [lmroman12-regular]:mapping=t
ex-text;!
Missing character: There is no   (U+2009) in font [lmroman12-regular]:mapping=t
ex-text;!
Missing character: There is no   (U+2009) in font [lmroman12-regular]:mapping=t
ex-text;!
[87]
Missing character: There is no   (U+2009) in font [lmroman12-regular]:mapping=t
ex-text;!
Missing character: There is no   (U+2009) in font [lmroman12-regular]:mapping=t
ex-text;!
Missing character: There is no   (U+2009) in font [lmroman12-regular]:mapping=t
ex-text;!
Missing character: There is no   (U+2009) in font [lmroman12-regular]:mapping=t
ex-text;!
Missing character: There is no   (U+2009) in font [lmroman12-regular]:mapping=t
ex-text;!
Missing character: There is no   (U+2009) in font [lmroman12-regular]:mapping=t
ex-text;!
Missing character: There is no   (U+2009) in font [lmroman12-regular]:mapping=t
ex-text;!
Missing character: There is no   (U+2009) in font [lmroman12-regular]:mapping=t
ex-text;!
Missing character: There is no   (U+2009) in font [lmroman12-regular]:mapping=t
ex-text;!
Missing character: There is no   (U+2009) in font [lmroman12-regular]:mapping=t
ex-text;!
Missing character: There is no   (U+2009) in font [lmroman12-regular]:mapping=t
ex-text;!
Missing character: There is no   (U+2009) in font [lmroman12-regular]:mapping=t
ex-text;!

Underfull \vbox (badness 3657) has occurred while \output is active []

 [88]
File: images/image25.png Graphic file (type bmp)
<images/image25.png>

Missing character: There is no   (U+2009) in font [lmroman12-regular]:mapping=t
ex-text;!
Missing character: There is no   (U+2009) in font [lmroman12-regular]:mapping=t
ex-text;!
Missing character: There is no   (U+2009) in font [lmroman12-regular]:mapping=t
ex-text;!
[89] [90]
Underfull \hbox (badness 1902) in paragraph at lines 74--74
[][][]\TU/lmr/m/n/10 .[][][][]\TU/lmr/m/it/10 Bulles de filtre et chambres d’éc
ho - Fondation Descartes\TU/lmr/m/n/10 , \TU/lmr/m/sc/10 url \TU/lmr/m/n/10 : [
]$[][][][][] [] [] [] [][][] []
 []


Underfull \vbox (badness 2221) has occurred while \output is active []

 [91]
Missing character: There is no   (U+2009) in font [lmroman12-regular]:mapping=t
ex-text;!

LaTeX Warning: Citation 'Chaire Pluralisme culturel et éthique du numérique (Pc
En)' on page 92 undefined on input line 80.


LaTeX Warning: Citation 'mai 2022' on page 92 undefined on input line 80.


Underfull \vbox (badness 1033) has occurred while \output is active []

 [92]
[93] [94

]
Chapitre 10.

Underfull \vbox (badness 3068) has occurred while \output is active []

 [95]
File: images/image26.png Graphic file (type bmp)
<images/image26.png>


LaTeX Warning: `!h' float specifier changed to `!ht'.


Underfull \vbox (badness 10000) has occurred while \output is active []

 [96]
[97] [98]
Underfull \vbox (badness 1394) has occurred while \output is active []

 [99]
Missing character: There is no   (U+2009) in font [lmroman12-regular]:mapping=t
ex-text;!
[100]
Underfull \vbox (badness 1603) has occurred while \output is active []

 [101]
Missing character: There is no   (U+2009) in font [lmroman12-regular]:mapping=t
ex-text;!
Missing character: There is no   (U+2009) in font [lmroman12-regular]:mapping=t
ex-text;!

Underfull \vbox (badness 2245) has occurred while \output is active []

 [102]
[103] [104

]
Chapitre 11.
Missing character: There is no   (U+2009) in font [lmroman12-regular]:mapping=t
ex-text;!
Missing character: There is no   (U+2009) in font [lmroman12-regular]:mapping=t
ex-text;!

Underfull \vbox (badness 10000) has occurred while \output is active []

 [105]
Missing character: There is no   (U+2009) in font [lmroman12-regular]:mapping=t
ex-text;!
File: images/image27.png Graphic file (type bmp)
<images/image27.png>
[106]
Missing character: There is no   (U+2009) in font [lmroman12-regular]:mapping=t
ex-text;!
Missing character: There is no   (U+2009) in font [lmroman12-regular]:mapping=t
ex-text;!
[107] [108]
Missing character: There is no   (U+2009) in font [lmroman12-regular]:mapping=t
ex-text;!
[109]
Missing character: There is no   (U+2009) in font [lmroman12-regular]:mapping=t
ex-text;!
[110]
Missing character: There is no   (U+2009) in font [lmroman12-regular]:mapping=t
ex-text;!
) [111] [112

]
Underfull \vbox (badness 10000) has occurred while \output is active []

 [113]
[114] [115] [116

]
Annexe A.
File: images/supports_TVR_RTS.png Graphic file (type bmp)
<images/supports_TVR_RTS.png>
[117

] [118

]
runsystem(makeindex GRIVEAU_MAXIME_document_maitre.idx)...executed.

 (./GRIVEAU_MAXIME_document_maitre.ind)
(./GRIVEAU_MAXIME_document_maitre.lof
Underfull \vbox (badness 10000) has occurred while \output is active []

 [119




\indexentry{IA|hyperpage}{119}
]
Underfull \vbox (badness 10000) has occurred while \output is active []

 [120])
\tf@lof=\write5
\openout5 = `GRIVEAU_MAXIME_document_maitre.lof'.


[121] (./GRIVEAU_MAXIME_document_maitre.toc
LaTeX Font Info:    External font `cmex10' loaded for size
(Font)              <14.4> on input line 5.
 [122]
Underfull \vbox (badness 10000) has occurred while \output is active []

 [123])
\tf@toc=\write6
\openout6 = `GRIVEAU_MAXIME_document_maitre.toc'.


[124] (./GRIVEAU_MAXIME_document_maitre.aux)
 ***********
LaTeX2e <2023-11-01>
L3 programming layer <2023-11-01>
 ***********


LaTeX Warning: There were undefined references.


LaTeX Warning: There were multiply-defined labels.


Package biblatex Warning: Please (re)run Biber on the file:
(biblatex)                GRIVEAU_MAXIME_document_maitre
(biblatex)                and rerun LaTeX afterwards.

Package logreq Info: Writing requests to 'GRIVEAU_MAXIME_document_maitre.run.xm
l'.
\openout1 = `GRIVEAU_MAXIME_document_maitre.run.xml'.

 ) 
Here is how much of TeX's memory you used:
 27483 strings out of 474929
 542165 string characters out of 5761542
 1952161 words of memory out of 5000000
 49148 multiletter control sequences out of 15000+600000
 562326 words of font info for 80 fonts, out of 8000000 for 9000
 1348 hyphenation exceptions out of 8191
 79i,13n,93p,3601b,5767s stack positions out of 10000i,1000n,20000p,200000b,200000s

Output written on GRIVEAU_MAXIME_document_maitre.pdf (154 pages).
